<?xml version="1.0" encoding="UTF-8"?>
<robot generator="Robot 7.0.1 (Python 3.12.4 on win32)" generated="2025-02-10T20:37:44.928205" rpa="false" schemaversion="5">
<suite id="s1" name="Test V1 1" source="C:\Users\petch\Desktop\Software_Engineering\Software-Engineering-Project\git-group-repository-group-4-sec-2\test_v1\UAT\test_v1_1.robot">
<test id="s1-t1" name="Test Go to Login Page" line="8">
<kw name="Go to Login Page" owner="resource_v1">
<kw name="Open Browser" owner="SeleniumLibrary">
<msg time="2025-02-10T20:37:45.491722" level="INFO">Opening browser 'chrome' to base url 'http://localhost/'.</msg>
<arg>${URL}</arg>
<arg>${BROWSER}</arg>
<doc>Opens a new browser instance to the optional ``url``.</doc>
<status status="PASS" start="2025-02-10T20:37:45.490528" elapsed="13.681395"/>
</kw>
<kw name="Maximize Browser Window" owner="SeleniumLibrary">
<doc>Maximizes current browser window.</doc>
<status status="PASS" start="2025-02-10T20:37:59.171923" elapsed="1.315371"/>
</kw>
<kw name="Location Should Be" owner="SeleniumLibrary">
<msg time="2025-02-10T20:38:00.500127" level="INFO">Current location is 'http://localhost/'.</msg>
<arg>${URL}</arg>
<doc>Verifies that the current URL is exactly ``url``.</doc>
<status status="PASS" start="2025-02-10T20:38:00.487294" elapsed="0.013346"/>
</kw>
<kw name="Click Link" owner="SeleniumLibrary">
<msg time="2025-02-10T20:38:00.501802" level="INFO">Clicking link 'xpath=//a[@class='btn btn-primary' and text()='Login']'.</msg>
<arg>xpath=//a[@class='btn btn-primary' and text()='Login']</arg>
<doc>Clicks a link identified by ``locator``.</doc>
<status status="PASS" start="2025-02-10T20:38:00.501199" elapsed="4.949858"/>
</kw>
<kw name="Location Should Be" owner="SeleniumLibrary">
<msg time="2025-02-10T20:38:05.458944" level="INFO">Current location is 'http://localhost/login'.</msg>
<arg>${LOGIN_URL}</arg>
<doc>Verifies that the current URL is exactly ``url``.</doc>
<status status="PASS" start="2025-02-10T20:38:05.451057" elapsed="0.008889"/>
</kw>
<kw name="Wait Until Page Contains" owner="SeleniumLibrary">
<arg>Account Login</arg>
<arg>${DELAY}</arg>
<doc>Waits until ``text`` appears on the current page.</doc>
<status status="PASS" start="2025-02-10T20:38:05.459946" elapsed="0.020853"/>
</kw>
<status status="PASS" start="2025-02-10T20:37:45.489526" elapsed="19.991273"/>
</kw>
<kw name="Close Browser" owner="SeleniumLibrary">
<doc>Closes the current browser.</doc>
<status status="PASS" start="2025-02-10T20:38:05.481814" elapsed="2.237680"/>
</kw>
<doc>ทดสอบการเข้าหน้า Login</doc>
<status status="PASS" start="2025-02-10T20:37:45.487423" elapsed="22.233102"/>
</test>
<test id="s1-t2" name="Test Login Role Admin Success" line="12">
<kw name="Go to Login Page" owner="resource_v1">
<kw name="Open Browser" owner="SeleniumLibrary">
<msg time="2025-02-10T20:38:07.725321" level="INFO">Opening browser 'chrome' to base url 'http://localhost/'.</msg>
<arg>${URL}</arg>
<arg>${BROWSER}</arg>
<doc>Opens a new browser instance to the optional ``url``.</doc>
<status status="PASS" start="2025-02-10T20:38:07.725321" elapsed="8.258092"/>
</kw>
<kw name="Maximize Browser Window" owner="SeleniumLibrary">
<doc>Maximizes current browser window.</doc>
<status status="PASS" start="2025-02-10T20:38:15.984467" elapsed="0.188608"/>
</kw>
<kw name="Location Should Be" owner="SeleniumLibrary">
<msg time="2025-02-10T20:38:16.182438" level="INFO">Current location is 'http://localhost/'.</msg>
<arg>${URL}</arg>
<doc>Verifies that the current URL is exactly ``url``.</doc>
<status status="PASS" start="2025-02-10T20:38:16.173075" elapsed="0.009363"/>
</kw>
<kw name="Click Link" owner="SeleniumLibrary">
<msg time="2025-02-10T20:38:16.183439" level="INFO">Clicking link 'xpath=//a[@class='btn btn-primary' and text()='Login']'.</msg>
<arg>xpath=//a[@class='btn btn-primary' and text()='Login']</arg>
<doc>Clicks a link identified by ``locator``.</doc>
<status status="PASS" start="2025-02-10T20:38:16.183439" elapsed="3.131778"/>
</kw>
<kw name="Location Should Be" owner="SeleniumLibrary">
<msg time="2025-02-10T20:38:19.324226" level="INFO">Current location is 'http://localhost/login'.</msg>
<arg>${LOGIN_URL}</arg>
<doc>Verifies that the current URL is exactly ``url``.</doc>
<status status="PASS" start="2025-02-10T20:38:19.315217" elapsed="0.009009"/>
</kw>
<kw name="Wait Until Page Contains" owner="SeleniumLibrary">
<arg>Account Login</arg>
<arg>${DELAY}</arg>
<doc>Waits until ``text`` appears on the current page.</doc>
<status status="PASS" start="2025-02-10T20:38:19.324226" elapsed="0.022351"/>
</kw>
<status status="PASS" start="2025-02-10T20:38:07.724322" elapsed="11.622255"/>
</kw>
<kw name="Login Admin" owner="resource_v1">
<kw name="Input Text" owner="SeleniumLibrary">
<msg time="2025-02-10T20:38:19.349075" level="INFO">Typing text 'admin@gmail.com' into text field 'id=username'.</msg>
<arg>id=username</arg>
<arg>${ADMIN_USERNAME}</arg>
<doc>Types the given ``text`` into the text field identified by ``locator``.</doc>
<status status="PASS" start="2025-02-10T20:38:19.348062" elapsed="0.197495"/>
</kw>
<kw name="Input Text" owner="SeleniumLibrary">
<msg time="2025-02-10T20:38:19.546684" level="INFO">Typing text '12345678' into text field 'id=password'.</msg>
<arg>id=password</arg>
<arg>${ADMIN_PASSWORD}</arg>
<doc>Types the given ``text`` into the text field identified by ``locator``.</doc>
<status status="PASS" start="2025-02-10T20:38:19.546174" elapsed="0.178096"/>
</kw>
<kw name="Click Button" owner="SeleniumLibrary">
<msg time="2025-02-10T20:38:19.725659" level="INFO">Clicking button 'xpath=//button[contains(text(),'Log In')]'.</msg>
<arg>xpath=//button[contains(text(),'Log In')]</arg>
<doc>Clicks the button identified by ``locator``.</doc>
<status status="PASS" start="2025-02-10T20:38:19.725659" elapsed="26.294307"/>
</kw>
<kw name="Wait Until Location Is" owner="SeleniumLibrary">
<arg>${DASHBOARD_URL}</arg>
<arg>${DELAY}</arg>
<doc>Waits until the current URL is ``expected``.</doc>
<status status="PASS" start="2025-02-10T20:38:46.021919" elapsed="0.006113"/>
</kw>
<kw name="Wait Until Page Contains" owner="SeleniumLibrary">
<arg>Dashboard</arg>
<arg>${DELAY}</arg>
<doc>Waits until ``text`` appears on the current page.</doc>
<status status="PASS" start="2025-02-10T20:38:46.028032" elapsed="0.024166"/>
</kw>
<status status="PASS" start="2025-02-10T20:38:19.346577" elapsed="26.705621"/>
</kw>
<kw name="Verify Admin Dashboard" owner="resource_v1">
<kw name="Page Should Contain" owner="SeleniumLibrary">
<msg time="2025-02-10T20:38:46.076577" level="INFO">Current page contains text 'Users'.</msg>
<arg>Users</arg>
<doc>Verifies that current page contains ``text``.</doc>
<status status="PASS" start="2025-02-10T20:38:46.052198" elapsed="0.024379"/>
</kw>
<kw name="Page Should Contain" owner="SeleniumLibrary">
<msg time="2025-02-10T20:38:46.100981" level="INFO">Current page contains text 'Roles'.</msg>
<arg>Roles</arg>
<doc>Verifies that current page contains ``text``.</doc>
<status status="PASS" start="2025-02-10T20:38:46.076577" elapsed="0.024404"/>
</kw>
<kw name="Page Should Contain" owner="SeleniumLibrary">
<msg time="2025-02-10T20:38:46.126810" level="INFO">Current page contains text 'Permission'.</msg>
<arg>Permission</arg>
<doc>Verifies that current page contains ``text``.</doc>
<status status="PASS" start="2025-02-10T20:38:46.106601" elapsed="0.020209"/>
</kw>
<status status="PASS" start="2025-02-10T20:38:46.052198" elapsed="0.074612"/>
</kw>
<kw name="Close Browser" owner="SeleniumLibrary">
<doc>Closes the current browser.</doc>
<status status="PASS" start="2025-02-10T20:38:46.126810" elapsed="2.319369"/>
</kw>
<kw name="Close Browser" owner="SeleniumLibrary">
<doc>Closes the current browser.</doc>
<status status="PASS" start="2025-02-10T20:38:48.447496" elapsed="0.000000"/>
</kw>
<doc>ทดสอบการ Login ของ Admin สำเร็จ</doc>
<status status="PASS" start="2025-02-10T20:38:07.722036" elapsed="40.726484"/>
</test>
<test id="s1-t3" name="Test Login Role Staff Success" line="20">
<kw name="Go to Login Page" owner="resource_v1">
<kw name="Open Browser" owner="SeleniumLibrary">
<msg time="2025-02-10T20:38:48.454059" level="INFO">Opening browser 'chrome' to base url 'http://localhost/'.</msg>
<arg>${URL}</arg>
<arg>${BROWSER}</arg>
<doc>Opens a new browser instance to the optional ``url``.</doc>
<status status="PASS" start="2025-02-10T20:38:48.452551" elapsed="5.550509"/>
</kw>
<kw name="Maximize Browser Window" owner="SeleniumLibrary">
<doc>Maximizes current browser window.</doc>
<status status="PASS" start="2025-02-10T20:38:54.004059" elapsed="0.162160"/>
</kw>
<kw name="Location Should Be" owner="SeleniumLibrary">
<msg time="2025-02-10T20:38:54.176184" level="INFO">Current location is 'http://localhost/'.</msg>
<arg>${URL}</arg>
<doc>Verifies that the current URL is exactly ``url``.</doc>
<status status="PASS" start="2025-02-10T20:38:54.166219" elapsed="0.009965"/>
</kw>
<kw name="Click Link" owner="SeleniumLibrary">
<msg time="2025-02-10T20:38:54.176184" level="INFO">Clicking link 'xpath=//a[@class='btn btn-primary' and text()='Login']'.</msg>
<arg>xpath=//a[@class='btn btn-primary' and text()='Login']</arg>
<doc>Clicks a link identified by ``locator``.</doc>
<status status="PASS" start="2025-02-10T20:38:54.176184" elapsed="11.556401"/>
</kw>
<kw name="Location Should Be" owner="SeleniumLibrary">
<msg time="2025-02-10T20:39:05.732585" level="INFO">Current location is 'http://localhost/login'.</msg>
<arg>${LOGIN_URL}</arg>
<doc>Verifies that the current URL is exactly ``url``.</doc>
<status status="PASS" start="2025-02-10T20:39:05.732585" elapsed="0.000000"/>
</kw>
<kw name="Wait Until Page Contains" owner="SeleniumLibrary">
<arg>Account Login</arg>
<arg>${DELAY}</arg>
<doc>Waits until ``text`` appears on the current page.</doc>
<status status="PASS" start="2025-02-10T20:39:05.732585" elapsed="0.027358"/>
</kw>
<status status="PASS" start="2025-02-10T20:38:48.452551" elapsed="17.307392"/>
</kw>
<kw name="Login Staff" owner="resource_v1">
<kw name="Input Text" owner="SeleniumLibrary">
<msg time="2025-02-10T20:39:05.763622" level="INFO">Typing text 'staff@gmail.com' into text field 'id=username'.</msg>
<arg>id=username</arg>
<arg>${STAFF_USERNAME}</arg>
<doc>Types the given ``text`` into the text field identified by ``locator``.</doc>
<status status="PASS" start="2025-02-10T20:39:05.759943" elapsed="0.198170"/>
</kw>
<kw name="Input Text" owner="SeleniumLibrary">
<msg time="2025-02-10T20:39:05.958113" level="INFO">Typing text '123456789' into text field 'id=password'.</msg>
<arg>id=password</arg>
<arg>${STAFF_PASSWORD}</arg>
<doc>Types the given ``text`` into the text field identified by ``locator``.</doc>
<status status="PASS" start="2025-02-10T20:39:05.958113" elapsed="0.175474"/>
</kw>
<kw name="Click Button" owner="SeleniumLibrary">
<msg time="2025-02-10T20:39:06.137044" level="INFO">Clicking button 'xpath=//button[contains(text(),'Log In')]'.</msg>
<arg>xpath=//button[contains(text(),'Log In')]</arg>
<doc>Clicks the button identified by ``locator``.</doc>
<status status="PASS" start="2025-02-10T20:39:06.137044" elapsed="20.489349"/>
</kw>
<kw name="Wait Until Location Is" owner="SeleniumLibrary">
<arg>${DASHBOARD_URL}</arg>
<arg>${DELAY}</arg>
<doc>Waits until the current URL is ``expected``.</doc>
<status status="PASS" start="2025-02-10T20:39:26.626393" elapsed="0.006359"/>
</kw>
<kw name="Wait Until Page Contains" owner="SeleniumLibrary">
<arg>Dashboard</arg>
<arg>${DELAY}</arg>
<doc>Waits until ``text`` appears on the current page.</doc>
<status status="PASS" start="2025-02-10T20:39:26.632752" elapsed="0.023306"/>
</kw>
<status status="PASS" start="2025-02-10T20:39:05.759943" elapsed="20.896115"/>
</kw>
<kw name="Verify Staff Dashboard" owner="resource_v1">
<kw name="Page Should Contain" owner="SeleniumLibrary">
<msg time="2025-02-10T20:39:26.680011" level="INFO">Current page contains text 'Departments'.</msg>
<arg>Departments</arg>
<doc>Verifies that current page contains ``text``.</doc>
<status status="PASS" start="2025-02-10T20:39:26.657769" elapsed="0.023507"/>
</kw>
<kw name="Page Should Contain" owner="SeleniumLibrary">
<msg time="2025-02-10T20:39:26.702647" level="INFO">Current page contains text 'Manage Programs'.</msg>
<arg>Manage Programs</arg>
<doc>Verifies that current page contains ``text``.</doc>
<status status="PASS" start="2025-02-10T20:39:26.681276" elapsed="0.021371"/>
</kw>
<kw name="Page Should Contain" owner="SeleniumLibrary">
<msg time="2025-02-10T20:39:26.724782" level="INFO">Current page contains text 'Manage Highlights'.</msg>
<arg>Manage Highlights</arg>
<doc>Verifies that current page contains ``text``.</doc>
<status status="PASS" start="2025-02-10T20:39:26.702647" elapsed="0.024545"/>
</kw>
<status status="PASS" start="2025-02-10T20:39:26.657769" elapsed="0.069423"/>
</kw>
<kw name="Close Browser" owner="SeleniumLibrary">
<doc>Closes the current browser.</doc>
<status status="PASS" start="2025-02-10T20:39:26.727730" elapsed="2.263363"/>
</kw>
<kw name="Close Browser" owner="SeleniumLibrary">
<doc>Closes the current browser.</doc>
<status status="PASS" start="2025-02-10T20:39:28.992506" elapsed="0.000000"/>
</kw>
<doc>ทดสอบการ Login ของ Staff สำเร็จ</doc>
<status status="PASS" start="2025-02-10T20:38:48.451020" elapsed="40.542019"/>
</test>
<test id="s1-t4" name="Test Login Role Researcher Success" line="28">
<kw name="Go to Login Page" owner="resource_v1">
<kw name="Open Browser" owner="SeleniumLibrary">
<msg time="2025-02-10T20:39:28.997584" level="INFO">Opening browser 'chrome' to base url 'http://localhost/'.</msg>
<arg>${URL}</arg>
<arg>${BROWSER}</arg>
<doc>Opens a new browser instance to the optional ``url``.</doc>
<status status="PASS" start="2025-02-10T20:39:28.996590" elapsed="9.339135"/>
</kw>
<kw name="Maximize Browser Window" owner="SeleniumLibrary">
<doc>Maximizes current browser window.</doc>
<status status="PASS" start="2025-02-10T20:39:38.335725" elapsed="0.049255"/>
</kw>
<kw name="Location Should Be" owner="SeleniumLibrary">
<msg time="2025-02-10T20:39:38.459191" level="INFO">Current location is 'http://localhost/'.</msg>
<arg>${URL}</arg>
<doc>Verifies that the current URL is exactly ``url``.</doc>
<status status="PASS" start="2025-02-10T20:39:38.385506" elapsed="0.073685"/>
</kw>
<kw name="Click Link" owner="SeleniumLibrary">
<msg time="2025-02-10T20:39:38.462091" level="INFO">Clicking link 'xpath=//a[@class='btn btn-primary' and text()='Login']'.</msg>
<arg>xpath=//a[@class='btn btn-primary' and text()='Login']</arg>
<doc>Clicks a link identified by ``locator``.</doc>
<status status="PASS" start="2025-02-10T20:39:38.462091" elapsed="8.415998"/>
</kw>
<kw name="Location Should Be" owner="SeleniumLibrary">
<msg time="2025-02-10T20:39:46.886475" level="INFO">Current location is 'http://localhost/login'.</msg>
<arg>${LOGIN_URL}</arg>
<doc>Verifies that the current URL is exactly ``url``.</doc>
<status status="PASS" start="2025-02-10T20:39:46.879560" elapsed="0.006915"/>
</kw>
<kw name="Wait Until Page Contains" owner="SeleniumLibrary">
<arg>Account Login</arg>
<arg>${DELAY}</arg>
<doc>Waits until ``text`` appears on the current page.</doc>
<status status="PASS" start="2025-02-10T20:39:46.886475" elapsed="0.026058"/>
</kw>
<status status="PASS" start="2025-02-10T20:39:28.996590" elapsed="17.915943"/>
</kw>
<kw name="Login Researcher" owner="resource_v1">
<kw name="Input Text" owner="SeleniumLibrary">
<msg time="2025-02-10T20:39:46.914538" level="INFO">Typing text 'thanaphon@kku.ac.th' into text field 'id=username'.</msg>
<arg>id=username</arg>
<arg>${RESEARCHER_USERNAME}</arg>
<doc>Types the given ``text`` into the text field identified by ``locator``.</doc>
<status status="PASS" start="2025-02-10T20:39:46.914538" elapsed="0.244892"/>
</kw>
<kw name="Input Text" owner="SeleniumLibrary">
<msg time="2025-02-10T20:39:47.159430" level="INFO">Typing text '123456789' into text field 'id=password'.</msg>
<arg>id=password</arg>
<arg>${RESEARCHER_PASSWORD}</arg>
<doc>Types the given ``text`` into the text field identified by ``locator``.</doc>
<status status="PASS" start="2025-02-10T20:39:47.159430" elapsed="0.205460"/>
</kw>
<kw name="Click Button" owner="SeleniumLibrary">
<msg time="2025-02-10T20:39:47.366421" level="INFO">Clicking button 'xpath=//button[contains(text(),'Log In')]'.</msg>
<arg>xpath=//button[contains(text(),'Log In')]</arg>
<doc>Clicks the button identified by ``locator``.</doc>
<status status="PASS" start="2025-02-10T20:39:47.366421" elapsed="19.046224"/>
</kw>
<kw name="Wait Until Location Is" owner="SeleniumLibrary">
<arg>${DASHBOARD_URL}</arg>
<arg>${DELAY}</arg>
<doc>Waits until the current URL is ``expected``.</doc>
<status status="PASS" start="2025-02-10T20:40:06.412645" elapsed="0.008339"/>
</kw>
<kw name="Wait Until Page Contains" owner="SeleniumLibrary">
<arg>Dashboard</arg>
<arg>${DELAY}</arg>
<doc>Waits until ``text`` appears on the current page.</doc>
<status status="PASS" start="2025-02-10T20:40:06.420984" elapsed="0.020218"/>
</kw>
<status status="PASS" start="2025-02-10T20:39:46.913991" elapsed="19.527211"/>
</kw>
<kw name="Verify Researcher Dashboard" owner="resource_v1">
<kw name="Page Should Not Contain" owner="SeleniumLibrary">
<msg time="2025-02-10T20:40:06.480071" level="INFO">Current page does not contain text 'Users'.</msg>
<arg>Users</arg>
<doc>Verifies the current page does not contain ``text``.</doc>
<status status="PASS" start="2025-02-10T20:40:06.442201" elapsed="0.037870"/>
</kw>
<kw name="Page Should Not Contain" owner="SeleniumLibrary">
<msg time="2025-02-10T20:40:06.514505" level="INFO">Current page does not contain text 'Roles'.</msg>
<arg>Roles</arg>
<doc>Verifies the current page does not contain ``text``.</doc>
<status status="PASS" start="2025-02-10T20:40:06.481073" elapsed="0.033502"/>
</kw>
<kw name="Page Should Not Contain" owner="SeleniumLibrary">
<msg time="2025-02-10T20:40:06.550877" level="INFO">Current page does not contain text 'Permission'.</msg>
<arg>Permission</arg>
<doc>Verifies the current page does not contain ``text``.</doc>
<status status="PASS" start="2025-02-10T20:40:06.514575" elapsed="0.037307"/>
</kw>
<kw name="Page Should Not Contain" owner="SeleniumLibrary">
<msg time="2025-02-10T20:40:06.590462" level="INFO">Current page does not contain text 'Departments'.</msg>
<arg>Departments</arg>
<doc>Verifies the current page does not contain ``text``.</doc>
<status status="PASS" start="2025-02-10T20:40:06.551882" elapsed="0.038580"/>
</kw>
<kw name="Page Should Not Contain" owner="SeleniumLibrary">
<msg time="2025-02-10T20:40:06.621841" level="INFO">Current page does not contain text 'Manage Programs'.</msg>
<arg>Manage Programs</arg>
<doc>Verifies the current page does not contain ``text``.</doc>
<status status="PASS" start="2025-02-10T20:40:06.591521" elapsed="0.030320"/>
</kw>
<kw name="Page Should Not Contain" owner="SeleniumLibrary">
<msg time="2025-02-10T20:40:06.655559" level="INFO">Current page does not contain text 'Manage Highlights'.</msg>
<arg>Manage Highlights</arg>
<doc>Verifies the current page does not contain ``text``.</doc>
<status status="PASS" start="2025-02-10T20:40:06.621841" elapsed="0.033718"/>
</kw>
<status status="PASS" start="2025-02-10T20:40:06.442201" elapsed="0.213358"/>
</kw>
<kw name="Close Browser" owner="SeleniumLibrary">
<doc>Closes the current browser.</doc>
<status status="PASS" start="2025-02-10T20:40:06.656595" elapsed="2.276089"/>
</kw>
<kw name="Close Browser" owner="SeleniumLibrary">
<doc>Closes the current browser.</doc>
<status status="PASS" start="2025-02-10T20:40:08.933707" elapsed="0.000000"/>
</kw>
<doc>ทดสอบการ Login ของ Researcher สำเร็จ</doc>
<status status="PASS" start="2025-02-10T20:39:28.994083" elapsed="39.940825"/>
</test>
<test id="s1-t5" name="Test Go to Manage Highlights Page" line="36">
<kw name="Go to Login Page" owner="resource_v1">
<kw name="Open Browser" owner="SeleniumLibrary">
<msg time="2025-02-10T20:40:08.940668" level="INFO">Opening browser 'chrome' to base url 'http://localhost/'.</msg>
<arg>${URL}</arg>
<arg>${BROWSER}</arg>
<doc>Opens a new browser instance to the optional ``url``.</doc>
<status status="PASS" start="2025-02-10T20:40:08.939657" elapsed="8.766877"/>
</kw>
<kw name="Maximize Browser Window" owner="SeleniumLibrary">
<doc>Maximizes current browser window.</doc>
<status status="PASS" start="2025-02-10T20:40:17.707707" elapsed="0.041047"/>
</kw>
<kw name="Location Should Be" owner="SeleniumLibrary">
<msg time="2025-02-10T20:40:17.813767" level="INFO">Current location is 'http://localhost/'.</msg>
<arg>${URL}</arg>
<doc>Verifies that the current URL is exactly ``url``.</doc>
<status status="PASS" start="2025-02-10T20:40:17.749353" elapsed="0.064414"/>
</kw>
<kw name="Click Link" owner="SeleniumLibrary">
<msg time="2025-02-10T20:40:17.814783" level="INFO">Clicking link 'xpath=//a[@class='btn btn-primary' and text()='Login']'.</msg>
<arg>xpath=//a[@class='btn btn-primary' and text()='Login']</arg>
<doc>Clicks a link identified by ``locator``.</doc>
<status status="PASS" start="2025-02-10T20:40:17.813767" elapsed="6.971798"/>
</kw>
<kw name="Location Should Be" owner="SeleniumLibrary">
<msg time="2025-02-10T20:40:24.792450" level="INFO">Current location is 'http://localhost/login'.</msg>
<arg>${LOGIN_URL}</arg>
<doc>Verifies that the current URL is exactly ``url``.</doc>
<status status="PASS" start="2025-02-10T20:40:24.785565" elapsed="0.006885"/>
</kw>
<kw name="Wait Until Page Contains" owner="SeleniumLibrary">
<arg>Account Login</arg>
<arg>${DELAY}</arg>
<doc>Waits until ``text`` appears on the current page.</doc>
<status status="PASS" start="2025-02-10T20:40:24.792450" elapsed="0.018373"/>
</kw>
<status status="PASS" start="2025-02-10T20:40:08.939657" elapsed="15.872295"/>
</kw>
<kw name="Login Staff" owner="resource_v1">
<kw name="Input Text" owner="SeleniumLibrary">
<msg time="2025-02-10T20:40:24.813034" level="INFO">Typing text 'staff@gmail.com' into text field 'id=username'.</msg>
<arg>id=username</arg>
<arg>${STAFF_USERNAME}</arg>
<doc>Types the given ``text`` into the text field identified by ``locator``.</doc>
<status status="PASS" start="2025-02-10T20:40:24.813034" elapsed="0.196840"/>
</kw>
<kw name="Input Text" owner="SeleniumLibrary">
<msg time="2025-02-10T20:40:25.011348" level="INFO">Typing text '123456789' into text field 'id=password'.</msg>
<arg>id=password</arg>
<arg>${STAFF_PASSWORD}</arg>
<doc>Types the given ``text`` into the text field identified by ``locator``.</doc>
<status status="PASS" start="2025-02-10T20:40:25.009874" elapsed="0.190600"/>
</kw>
<kw name="Click Button" owner="SeleniumLibrary">
<msg time="2025-02-10T20:40:25.201479" level="INFO">Clicking button 'xpath=//button[contains(text(),'Log In')]'.</msg>
<arg>xpath=//button[contains(text(),'Log In')]</arg>
<doc>Clicks the button identified by ``locator``.</doc>
<status status="PASS" start="2025-02-10T20:40:25.200474" elapsed="17.317363"/>
</kw>
<kw name="Wait Until Location Is" owner="SeleniumLibrary">
<arg>${DASHBOARD_URL}</arg>
<arg>${DELAY}</arg>
<doc>Waits until the current URL is ``expected``.</doc>
<status status="PASS" start="2025-02-10T20:40:42.517837" elapsed="0.008000"/>
</kw>
<kw name="Wait Until Page Contains" owner="SeleniumLibrary">
<arg>Dashboard</arg>
<arg>${DELAY}</arg>
<doc>Waits until ``text`` appears on the current page.</doc>
<status status="PASS" start="2025-02-10T20:40:42.526836" elapsed="0.022014"/>
</kw>
<status status="PASS" start="2025-02-10T20:40:24.811952" elapsed="17.736898"/>
</kw>
<kw name="Verify Staff Dashboard" owner="resource_v1">
<kw name="Page Should Contain" owner="SeleniumLibrary">
<msg time="2025-02-10T20:40:42.573119" level="INFO">Current page contains text 'Departments'.</msg>
<arg>Departments</arg>
<doc>Verifies that current page contains ``text``.</doc>
<status status="PASS" start="2025-02-10T20:40:42.549837" elapsed="0.024323"/>
</kw>
<kw name="Page Should Contain" owner="SeleniumLibrary">
<msg time="2025-02-10T20:40:42.597451" level="INFO">Current page contains text 'Manage Programs'.</msg>
<arg>Manage Programs</arg>
<doc>Verifies that current page contains ``text``.</doc>
<status status="PASS" start="2025-02-10T20:40:42.574160" elapsed="0.023291"/>
</kw>
<kw name="Page Should Contain" owner="SeleniumLibrary">
<msg time="2025-02-10T20:40:42.622743" level="INFO">Current page contains text 'Manage Highlights'.</msg>
<arg>Manage Highlights</arg>
<doc>Verifies that current page contains ``text``.</doc>
<status status="PASS" start="2025-02-10T20:40:42.597451" elapsed="0.025292"/>
</kw>
<status status="PASS" start="2025-02-10T20:40:42.549837" elapsed="0.072906"/>
</kw>
<kw name="Click Link" owner="SeleniumLibrary">
<msg time="2025-02-10T20:40:42.623853" level="INFO">Clicking link 'xpath=//a[@class='nav-link' and contains(span, 'Manage Highlights')]'.</msg>
<arg>xpath=//a[@class='nav-link' and contains(span, 'Manage Highlights')]</arg>
<doc>Clicks a link identified by ``locator``.</doc>
<status status="PASS" start="2025-02-10T20:40:42.623853" elapsed="17.665666"/>
</kw>
<kw name="Wait Until Location Is" owner="SeleniumLibrary">
<arg>${MANAGE_HIGHLIGHTS_URL}</arg>
<arg>${DELAY}</arg>
<doc>Waits until the current URL is ``expected``.</doc>
<status status="PASS" start="2025-02-10T20:41:00.290033" elapsed="0.009354"/>
</kw>
<kw name="Page Should Contain" owner="SeleniumLibrary">
<msg time="2025-02-10T20:41:00.323748" level="INFO">Current page contains text 'Manage Highlights'.</msg>
<arg>Manage Highlights</arg>
<doc>Verifies that current page contains ``text``.</doc>
<status status="PASS" start="2025-02-10T20:41:00.299387" elapsed="0.024361"/>
</kw>
<kw name="Close Browser" owner="SeleniumLibrary">
<doc>Closes the current browser.</doc>
<status status="PASS" start="2025-02-10T20:41:00.324746" elapsed="2.367896"/>
</kw>
<kw name="Close Browser" owner="SeleniumLibrary">
<doc>Closes the current browser.</doc>
<status status="PASS" start="2025-02-10T20:41:02.694320" elapsed="0.000000"/>
</kw>
<doc>ทดสอบการ Login ของ Staff สำเร็จ และเข้าหน้า Manage Highlights</doc>
<status status="PASS" start="2025-02-10T20:40:08.935962" elapsed="53.759380"/>
</test>
<status status="PASS" start="2025-02-10T20:37:44.931202" elapsed="197.765136"/>
</suite>
<statistics>
<total>
<stat pass="5" fail="0" skip="0">All Tests</stat>
</total>
<tag>
</tag>
<suite>
<stat pass="5" fail="0" skip="0" id="s1" name="Test V1 1">Test V1 1</stat>
</suite>
</statistics>
<errors>
</errors>
</robot>
