<?xml version="1.0" encoding="UTF-8"?>
<robot generator="Robot 7.2.2 (Python 3.13.1 on win32)" generated="2025-03-11T03:21:05.752176" rpa="false" schemaversion="5">
<suite id="s1" name="Unsuccess CreateHighlight" source="C:\work_2025\git-group-repository-group-4-sec-2\version3\test\UAT\V3\UAT-V3-Unsuccess_CreateHighlight\Unsuccess_CreateHighlight.robot">
<test id="s1-t1" name="Test Go To Manage Highlights Page" line="15">
<kw name="Go To Manage Highlights Page" owner="resource_v3">
<kw name="Go To Login Page" owner="resource_v3">
<kw name="Open Chrome Browser" owner="resource_v3">
<kw name="Evaluate" owner="BuiltIn">
<msg time="2025-03-11T03:21:05.992467" level="INFO">${chrome_options} = &lt;selenium.webdriver.chrome.options.Options object at 0x0000025ABCA7BCB0&gt;</msg>
<var>${chrome_options}</var>
<arg>sys.modules['selenium.webdriver'].ChromeOptions()</arg>
<doc>Evaluates the given expression in Python and returns the result.</doc>
<status status="PASS" start="2025-03-11T03:21:05.992216" elapsed="0.000283"/>
</kw>
<kw name="Set Variable" owner="BuiltIn">
<msg time="2025-03-11T03:21:05.992760" level="INFO">${chrome_options.binary_location} = C:/work_2025/ChromeForTesting/chrome-win64/chrome-win64/chrome.exe</msg>
<var>${chrome_options.binary_location}</var>
<arg>${CHROME_BROWSER_PATH}</arg>
<doc>Returns the given values which can then be assigned to a variables.</doc>
<status status="PASS" start="2025-03-11T03:21:05.992622" elapsed="0.000160"/>
</kw>
<kw name="Evaluate" owner="BuiltIn">
<msg time="2025-03-11T03:21:05.993337" level="INFO">${service} = &lt;selenium.webdriver.chrome.service.Service object at 0x0000025ABCA7BA10&gt;</msg>
<var>${service}</var>
<arg>sys.modules['selenium.webdriver.chrome.service'].Service(executable_path="${CHROME_DRIVER_PATH}")</arg>
<doc>Evaluates the given expression in Python and returns the result.</doc>
<status status="PASS" start="2025-03-11T03:21:05.992859" elapsed="0.000505"/>
</kw>
<kw name="Create Webdriver" owner="SeleniumLibrary">
<msg time="2025-03-11T03:21:05.993643" level="INFO">Creating an instance of the Chrome WebDriver.</msg>
<arg>Chrome</arg>
<arg>options=${chrome_options}</arg>
<arg>service=${service}</arg>
<doc>Creates an instance of Selenium WebDriver.</doc>
<status status="PASS" start="2025-03-11T03:21:05.993459" elapsed="1.107618"/>
</kw>
<kw name="Maximize Browser Window" owner="SeleniumLibrary">
<doc>Maximizes current browser window.</doc>
<status status="PASS" start="2025-03-11T03:21:07.101323" elapsed="0.044448"/>
</kw>
<kw name="Go To" owner="SeleniumLibrary">
<msg time="2025-03-11T03:21:07.147581" level="INFO">Opening url 'https://cs04sec267.cpkkuhost.com/'</msg>
<arg>${URL}</arg>
<doc>Navigates the current browser window to the provided ``url``.</doc>
<status status="PASS" start="2025-03-11T03:21:07.146538" elapsed="4.739543"/>
</kw>
<status status="PASS" start="2025-03-11T03:21:05.991609" elapsed="5.894640"/>
</kw>
<kw name="Maximize Browser Window" owner="SeleniumLibrary">
<doc>Maximizes current browser window.</doc>
<status status="PASS" start="2025-03-11T03:21:11.886418" elapsed="0.002674"/>
</kw>
<kw name="Location Should Be" owner="SeleniumLibrary">
<msg time="2025-03-11T03:21:11.896364" level="INFO">Current location is 'https://cs04sec267.cpkkuhost.com/'.</msg>
<arg>${URL}</arg>
<doc>Verifies that the current URL is exactly ``url``.</doc>
<status status="PASS" start="2025-03-11T03:21:11.889323" elapsed="0.007165"/>
</kw>
<kw name="Sleep" owner="BuiltIn">
<msg time="2025-03-11T03:21:12.897394" level="INFO">Slept 1 second.</msg>
<arg>1s</arg>
<doc>Pauses the test executed for the given time.</doc>
<status status="PASS" start="2025-03-11T03:21:11.896702" elapsed="1.000923"/>
</kw>
<kw name="Click Link" owner="SeleniumLibrary">
<msg time="2025-03-11T03:21:12.898321" level="INFO">Clicking link 'xpath=//a[contains(@class, 'btn-primary') and contains(., 'Login')]'.</msg>
<arg>xpath=//a[contains(@class, 'btn-primary') and contains(., 'Login')]</arg>
<doc>Clicks a link identified by ``locator``.</doc>
<status status="PASS" start="2025-03-11T03:21:12.897938" elapsed="1.064992"/>
</kw>
<kw name="Location Should Be" owner="SeleniumLibrary">
<msg time="2025-03-11T03:21:13.971831" level="INFO">Current location is 'https://cs04sec267.cpkkuhost.com/login'.</msg>
<arg>${LOGIN_URL}</arg>
<doc>Verifies that the current URL is exactly ``url``.</doc>
<status status="PASS" start="2025-03-11T03:21:13.963075" elapsed="0.008919"/>
</kw>
<kw name="Wait Until Page Contains" owner="SeleniumLibrary">
<arg>Account Login</arg>
<arg>${DELAY}</arg>
<doc>Waits until ``text`` appears on the current page.</doc>
<status status="PASS" start="2025-03-11T03:21:13.972240" elapsed="0.015462"/>
</kw>
<status status="PASS" start="2025-03-11T03:21:05.991400" elapsed="7.996459"/>
</kw>
<kw name="Login Staff" owner="resource_v3">
<kw name="Input Text" owner="SeleniumLibrary">
<msg time="2025-03-11T03:21:13.988631" level="INFO">Typing text 'thanlao@kku.ac.th' into text field 'id=username'.</msg>
<arg>id=username</arg>
<arg>${STAFF_USERNAME}</arg>
<doc>Types the given ``text`` into the text field identified by ``locator``.</doc>
<status status="PASS" start="2025-03-11T03:21:13.988369" elapsed="0.102649"/>
</kw>
<kw name="Input Text" owner="SeleniumLibrary">
<msg time="2025-03-11T03:21:14.092009" level="INFO">Typing text '123456789' into text field 'id=password'.</msg>
<arg>id=password</arg>
<arg>${STAFF_PASSWORD}</arg>
<doc>Types the given ``text`` into the text field identified by ``locator``.</doc>
<status status="PASS" start="2025-03-11T03:21:14.091504" elapsed="0.098427"/>
</kw>
<kw name="Click Button" owner="SeleniumLibrary">
<msg time="2025-03-11T03:21:14.190436" level="INFO">Clicking button 'xpath=//button[contains(text(),'Log In')]'.</msg>
<arg>xpath=//button[contains(text(),'Log In')]</arg>
<doc>Clicks the button identified by ``locator``.</doc>
<status status="PASS" start="2025-03-11T03:21:14.190143" elapsed="0.082731"/>
</kw>
<kw name="Wait Until Location Is" owner="SeleniumLibrary">
<arg>${DASHBOARD_URL}</arg>
<arg>${DELAY}</arg>
<doc>Waits until the current URL is ``expected``.</doc>
<status status="PASS" start="2025-03-11T03:21:14.273153" elapsed="2.659947"/>
</kw>
<kw name="Wait Until Page Contains" owner="SeleniumLibrary">
<arg>Dashboard</arg>
<arg>${DELAY}</arg>
<doc>Waits until ``text`` appears on the current page.</doc>
<status status="PASS" start="2025-03-11T03:21:16.933672" elapsed="0.012329"/>
</kw>
<status status="PASS" start="2025-03-11T03:21:13.988047" elapsed="2.958110"/>
</kw>
<kw name="Verify Staff Dashboard" owner="resource_v3">
<kw name="Page Should Contain" owner="SeleniumLibrary">
<msg time="2025-03-11T03:21:16.960461" level="INFO">Current page contains text 'Manage Highlights'.</msg>
<arg>Manage Highlights</arg>
<doc>Verifies that current page contains ``text``.</doc>
<status status="PASS" start="2025-03-11T03:21:16.946577" elapsed="0.013983"/>
</kw>
<status status="PASS" start="2025-03-11T03:21:16.946298" elapsed="0.014363"/>
</kw>
<kw name="Click Link" owner="SeleniumLibrary">
<msg time="2025-03-11T03:21:16.960977" level="INFO">Clicking link 'xpath=//a[@class='nav-link' and contains(span, 'Manage Highlights')]'.</msg>
<arg>xpath=//a[@class='nav-link' and contains(span, 'Manage Highlights')]</arg>
<doc>Clicks a link identified by ``locator``.</doc>
<status status="PASS" start="2025-03-11T03:21:16.960798" elapsed="0.944849"/>
</kw>
<kw name="Wait Until Location Is" owner="SeleniumLibrary">
<arg>${MANAGE_HIGHLIGHTS_URL}</arg>
<arg>${DELAY}</arg>
<doc>Waits until the current URL is ``expected``.</doc>
<status status="PASS" start="2025-03-11T03:21:17.905917" elapsed="0.005892"/>
</kw>
<kw name="Page Should Contain" owner="SeleniumLibrary">
<msg time="2025-03-11T03:21:17.925852" level="INFO">Current page contains text 'Manage Highlights'.</msg>
<arg>Manage Highlights</arg>
<doc>Verifies that current page contains ``text``.</doc>
<status status="PASS" start="2025-03-11T03:21:17.912149" elapsed="0.013813"/>
</kw>
<status status="PASS" start="2025-03-11T03:21:05.991067" elapsed="11.935003"/>
</kw>
<status status="PASS" start="2025-03-11T03:21:05.990406" elapsed="11.936154"/>
</test>
<test id="s1-t2" name="Test Create Unsuccess Empty Cover Image" line="19">
<kw name="Go To Manage Highlights Page" owner="resource_v3">
<kw name="Go To Login Page" owner="resource_v3">
<kw name="Open Chrome Browser" owner="resource_v3">
<kw name="Evaluate" owner="BuiltIn">
<msg time="2025-03-11T03:21:17.929627" level="INFO">${chrome_options} = &lt;selenium.webdriver.chrome.options.Options object at 0x0000025ABCA36E90&gt;</msg>
<var>${chrome_options}</var>
<arg>sys.modules['selenium.webdriver'].ChromeOptions()</arg>
<doc>Evaluates the given expression in Python and returns the result.</doc>
<status status="PASS" start="2025-03-11T03:21:17.929370" elapsed="0.000296"/>
</kw>
<kw name="Set Variable" owner="BuiltIn">
<msg time="2025-03-11T03:21:17.929970" level="INFO">${chrome_options.binary_location} = C:/work_2025/ChromeForTesting/chrome-win64/chrome-win64/chrome.exe</msg>
<var>${chrome_options.binary_location}</var>
<arg>${CHROME_BROWSER_PATH}</arg>
<doc>Returns the given values which can then be assigned to a variables.</doc>
<status status="PASS" start="2025-03-11T03:21:17.929787" elapsed="0.000215"/>
</kw>
<kw name="Evaluate" owner="BuiltIn">
<msg time="2025-03-11T03:21:17.930867" level="INFO">${service} = &lt;selenium.webdriver.chrome.service.Service object at 0x0000025ABCA36FD0&gt;</msg>
<var>${service}</var>
<arg>sys.modules['selenium.webdriver.chrome.service'].Service(executable_path="${CHROME_DRIVER_PATH}")</arg>
<doc>Evaluates the given expression in Python and returns the result.</doc>
<status status="PASS" start="2025-03-11T03:21:17.930123" elapsed="0.000799"/>
</kw>
<kw name="Create Webdriver" owner="SeleniumLibrary">
<msg time="2025-03-11T03:21:17.931535" level="INFO">Creating an instance of the Chrome WebDriver.</msg>
<arg>Chrome</arg>
<arg>options=${chrome_options}</arg>
<arg>service=${service}</arg>
<doc>Creates an instance of Selenium WebDriver.</doc>
<status status="PASS" start="2025-03-11T03:21:17.931134" elapsed="1.064342"/>
</kw>
<kw name="Maximize Browser Window" owner="SeleniumLibrary">
<doc>Maximizes current browser window.</doc>
<status status="PASS" start="2025-03-11T03:21:18.995845" elapsed="0.057655"/>
</kw>
<kw name="Go To" owner="SeleniumLibrary">
<msg time="2025-03-11T03:21:19.054108" level="INFO">Opening url 'https://cs04sec267.cpkkuhost.com/'</msg>
<arg>${URL}</arg>
<doc>Navigates the current browser window to the provided ``url``.</doc>
<status status="PASS" start="2025-03-11T03:21:19.053760" elapsed="4.557713"/>
</kw>
<status status="PASS" start="2025-03-11T03:21:17.929150" elapsed="5.682562"/>
</kw>
<kw name="Maximize Browser Window" owner="SeleniumLibrary">
<doc>Maximizes current browser window.</doc>
<status status="PASS" start="2025-03-11T03:21:23.611997" elapsed="0.005284"/>
</kw>
<kw name="Location Should Be" owner="SeleniumLibrary">
<msg time="2025-03-11T03:21:23.626145" level="INFO">Current location is 'https://cs04sec267.cpkkuhost.com/'.</msg>
<arg>${URL}</arg>
<doc>Verifies that the current URL is exactly ``url``.</doc>
<status status="PASS" start="2025-03-11T03:21:23.617535" elapsed="0.008744"/>
</kw>
<kw name="Sleep" owner="BuiltIn">
<msg time="2025-03-11T03:21:24.627261" level="INFO">Slept 1 second.</msg>
<arg>1s</arg>
<doc>Pauses the test executed for the given time.</doc>
<status status="PASS" start="2025-03-11T03:21:23.626536" elapsed="1.000907"/>
</kw>
<kw name="Click Link" owner="SeleniumLibrary">
<msg time="2025-03-11T03:21:24.627742" level="INFO">Clicking link 'xpath=//a[contains(@class, 'btn-primary') and contains(., 'Login')]'.</msg>
<arg>xpath=//a[contains(@class, 'btn-primary') and contains(., 'Login')]</arg>
<doc>Clicks a link identified by ``locator``.</doc>
<status status="PASS" start="2025-03-11T03:21:24.627584" elapsed="1.016570"/>
</kw>
<kw name="Location Should Be" owner="SeleniumLibrary">
<msg time="2025-03-11T03:21:25.648754" level="INFO">Current location is 'https://cs04sec267.cpkkuhost.com/login'.</msg>
<arg>${LOGIN_URL}</arg>
<doc>Verifies that the current URL is exactly ``url``.</doc>
<status status="PASS" start="2025-03-11T03:21:25.644339" elapsed="0.004552"/>
</kw>
<kw name="Wait Until Page Contains" owner="SeleniumLibrary">
<arg>Account Login</arg>
<arg>${DELAY}</arg>
<doc>Waits until ``text`` appears on the current page.</doc>
<status status="PASS" start="2025-03-11T03:21:25.649074" elapsed="0.013108"/>
</kw>
<status status="PASS" start="2025-03-11T03:21:17.928893" elapsed="7.733449"/>
</kw>
<kw name="Login Staff" owner="resource_v3">
<kw name="Input Text" owner="SeleniumLibrary">
<msg time="2025-03-11T03:21:25.663040" level="INFO">Typing text 'thanlao@kku.ac.th' into text field 'id=username'.</msg>
<arg>id=username</arg>
<arg>${STAFF_USERNAME}</arg>
<doc>Types the given ``text`` into the text field identified by ``locator``.</doc>
<status status="PASS" start="2025-03-11T03:21:25.662821" elapsed="0.098697"/>
</kw>
<kw name="Input Text" owner="SeleniumLibrary">
<msg time="2025-03-11T03:21:25.762065" level="INFO">Typing text '123456789' into text field 'id=password'.</msg>
<arg>id=password</arg>
<arg>${STAFF_PASSWORD}</arg>
<doc>Types the given ``text`` into the text field identified by ``locator``.</doc>
<status status="PASS" start="2025-03-11T03:21:25.761746" elapsed="0.079277"/>
</kw>
<kw name="Click Button" owner="SeleniumLibrary">
<msg time="2025-03-11T03:21:25.841740" level="INFO">Clicking button 'xpath=//button[contains(text(),'Log In')]'.</msg>
<arg>xpath=//button[contains(text(),'Log In')]</arg>
<doc>Clicks the button identified by ``locator``.</doc>
<status status="PASS" start="2025-03-11T03:21:25.841276" elapsed="0.084311"/>
</kw>
<kw name="Wait Until Location Is" owner="SeleniumLibrary">
<arg>${DASHBOARD_URL}</arg>
<arg>${DELAY}</arg>
<doc>Waits until the current URL is ``expected``.</doc>
<status status="PASS" start="2025-03-11T03:21:25.925803" elapsed="2.696449"/>
</kw>
<kw name="Wait Until Page Contains" owner="SeleniumLibrary">
<arg>Dashboard</arg>
<arg>${DELAY}</arg>
<doc>Waits until ``text`` appears on the current page.</doc>
<status status="PASS" start="2025-03-11T03:21:28.622459" elapsed="0.018828"/>
</kw>
<status status="PASS" start="2025-03-11T03:21:25.662550" elapsed="2.978900"/>
</kw>
<kw name="Verify Staff Dashboard" owner="resource_v3">
<kw name="Page Should Contain" owner="SeleniumLibrary">
<msg time="2025-03-11T03:21:28.656942" level="INFO">Current page contains text 'Manage Highlights'.</msg>
<arg>Manage Highlights</arg>
<doc>Verifies that current page contains ``text``.</doc>
<status status="PASS" start="2025-03-11T03:21:28.642225" elapsed="0.014932"/>
</kw>
<status status="PASS" start="2025-03-11T03:21:28.641716" elapsed="0.015765"/>
</kw>
<kw name="Click Link" owner="SeleniumLibrary">
<msg time="2025-03-11T03:21:28.658377" level="INFO">Clicking link 'xpath=//a[@class='nav-link' and contains(span, 'Manage Highlights')]'.</msg>
<arg>xpath=//a[@class='nav-link' and contains(span, 'Manage Highlights')]</arg>
<doc>Clicks a link identified by ``locator``.</doc>
<status status="PASS" start="2025-03-11T03:21:28.657873" elapsed="0.973005"/>
</kw>
<kw name="Wait Until Location Is" owner="SeleniumLibrary">
<arg>${MANAGE_HIGHLIGHTS_URL}</arg>
<arg>${DELAY}</arg>
<doc>Waits until the current URL is ``expected``.</doc>
<status status="PASS" start="2025-03-11T03:21:29.631117" elapsed="0.006136"/>
</kw>
<kw name="Page Should Contain" owner="SeleniumLibrary">
<msg time="2025-03-11T03:21:29.649398" level="INFO">Current page contains text 'Manage Highlights'.</msg>
<arg>Manage Highlights</arg>
<doc>Verifies that current page contains ``text``.</doc>
<status status="PASS" start="2025-03-11T03:21:29.637485" elapsed="0.012008"/>
</kw>
<status status="PASS" start="2025-03-11T03:21:17.928578" elapsed="11.721041"/>
</kw>
<kw name="Location Should Be" owner="SeleniumLibrary">
<msg time="2025-03-11T03:21:29.655178" level="INFO">Current location is 'https://cs04sec267.cpkkuhost.com/highlights'.</msg>
<arg>${MANAGE_HIGHLIGHTS_URL}</arg>
<doc>Verifies that the current URL is exactly ``url``.</doc>
<status status="PASS" start="2025-03-11T03:21:29.649887" elapsed="0.005413"/>
</kw>
<kw name="Sleep" owner="BuiltIn">
<msg time="2025-03-11T03:21:32.656618" level="INFO">Slept 3 seconds.</msg>
<arg>3s</arg>
<doc>Pauses the test executed for the given time.</doc>
<status status="PASS" start="2025-03-11T03:21:29.655871" elapsed="3.001165"/>
</kw>
<kw name="Scroll Element Into View" owner="SeleniumLibrary">
<arg>xpath=//a[contains(@class, 'btn btn-primary mb-3') and contains(text(), '+ Create')]</arg>
<doc>Scrolls the element identified by ``locator`` into view.</doc>
<status status="PASS" start="2025-03-11T03:21:32.658005" elapsed="0.273378"/>
</kw>
<kw name="Click Link" owner="SeleniumLibrary">
<msg time="2025-03-11T03:21:32.931911" level="INFO">Clicking link 'xpath=//a[contains(text(), '+ Create')]'.</msg>
<arg>xpath=//a[contains(text(), '+ Create')]</arg>
<doc>Clicks a link identified by ``locator``.</doc>
<status status="PASS" start="2025-03-11T03:21:32.931690" elapsed="1.171992"/>
</kw>
<kw name="Wait Until Location Is" owner="SeleniumLibrary">
<arg>${CREATE_NEWS_URL}</arg>
<arg>${DELAY}</arg>
<doc>Waits until the current URL is ``expected``.</doc>
<status status="PASS" start="2025-03-11T03:21:34.104291" elapsed="0.005347"/>
</kw>
<kw name="Location Should Be" owner="SeleniumLibrary">
<msg time="2025-03-11T03:21:34.115810" level="INFO">Current location is 'https://cs04sec267.cpkkuhost.com/highlights/create'.</msg>
<arg>${CREATE_NEWS_URL}</arg>
<doc>Verifies that the current URL is exactly ``url``.</doc>
<status status="PASS" start="2025-03-11T03:21:34.110419" elapsed="0.005491"/>
</kw>
<kw name="Input Text" owner="SeleniumLibrary">
<msg time="2025-03-11T03:21:34.116426" level="INFO">Typing text 'โครงการทุนวิจัยและโอกาสสนับสนุนสำหรับนักวิจัยรุ่นใหม่' into text field 'id=title'.</msg>
<arg>id=title</arg>
<arg>โครงการทุนวิจัยและโอกาสสนับสนุนสำหรับนักวิจัยรุ่นใหม่</arg>
<doc>Types the given ``text`` into the text field identified by ``locator``.</doc>
<status status="PASS" start="2025-03-11T03:21:34.116236" elapsed="0.156838"/>
</kw>
<kw name="Click Element" owner="SeleniumLibrary">
<msg time="2025-03-11T03:21:34.274057" level="INFO">Clicking element 'xpath=//span[contains(@class, 'select2-selection')]'.</msg>
<arg>xpath=//span[contains(@class, 'select2-selection')]</arg>
<doc>Click the element identified by ``locator``.</doc>
<status status="PASS" start="2025-03-11T03:21:34.273657" elapsed="0.082005"/>
</kw>
<kw name="Sleep" owner="BuiltIn">
<msg time="2025-03-11T03:21:35.356884" level="INFO">Slept 1 second.</msg>
<arg>1s</arg>
<doc>Pauses the test executed for the given time.</doc>
<status status="PASS" start="2025-03-11T03:21:34.356153" elapsed="1.000838"/>
</kw>
<kw name="Click Element" owner="SeleniumLibrary">
<msg time="2025-03-11T03:21:35.357926" level="INFO">Clicking element 'xpath=//li[contains(text(), 'ทุนวิจัยและโอกาสสนับสนุน')]'.</msg>
<arg>xpath=//li[contains(text(), 'ทุนวิจัยและโอกาสสนับสนุน')]</arg>
<doc>Click the element identified by ``locator``.</doc>
<status status="PASS" start="2025-03-11T03:21:35.357288" elapsed="0.080369"/>
</kw>
<kw name="Sleep" owner="BuiltIn">
<msg time="2025-03-11T03:21:36.438708" level="INFO">Slept 1 second.</msg>
<arg>1s</arg>
<doc>Pauses the test executed for the given time.</doc>
<status status="PASS" start="2025-03-11T03:21:35.437994" elapsed="1.000803"/>
</kw>
<kw name="Input Text" owner="SeleniumLibrary">
<msg time="2025-03-11T03:21:36.439325" level="INFO">Typing text 'เปิดรับสมัครทุนวิจัยสำหรับนักวิจัยรุ่นใหม่ เพื่อสนับสนุนการพัฒนาโครงการวิจัยที่มีศักยภาพ' into text field 'id=description'.</msg>
<arg>id=description</arg>
<arg>เปิดรับสมัครทุนวิจัยสำหรับนักวิจัยรุ่นใหม่ เพื่อสนับสนุนการพัฒนาโครงการวิจัยที่มีศักยภาพ</arg>
<doc>Types the given ``text`` into the text field identified by ``locator``.</doc>
<status status="PASS" start="2025-03-11T03:21:36.439177" elapsed="0.199307"/>
</kw>
<kw name="Input Text" owner="SeleniumLibrary">
<msg time="2025-03-11T03:21:36.639020" level="INFO">Typing text 'https://www.google.com' into text field 'id=link'.</msg>
<arg>id=link</arg>
<arg>https://www.google.com</arg>
<doc>Types the given ``text`` into the text field identified by ``locator``.</doc>
<status status="PASS" start="2025-03-11T03:21:36.638820" elapsed="0.119615"/>
</kw>
<kw name="Scroll Element Into View" owner="SeleniumLibrary">
<arg>id=imageAlbumBox</arg>
<doc>Scrolls the element identified by ``locator`` into view.</doc>
<status status="PASS" start="2025-03-11T03:21:36.758842" elapsed="0.289678"/>
</kw>
<kw name="Click Element" owner="SeleniumLibrary">
<msg time="2025-03-11T03:21:37.049039" level="INFO">Clicking element 'id=imageAlbumBox'.</msg>
<arg>id=imageAlbumBox</arg>
<doc>Click the element identified by ``locator``.</doc>
<status status="PASS" start="2025-03-11T03:21:37.048879" elapsed="0.047368"/>
</kw>
<kw name="Choose File" owner="SeleniumLibrary">
<msg time="2025-03-11T03:21:37.096773" level="INFO">Sending C:\work_2025\git-group-repository-group-4-sec-2\version3\test\Test-Data\1_3.jpeg
C:\work_2025\git-group-repository-group-4-sec-2\version3\test\Test-Data\1_2.jpeg to browser.</msg>
<arg>id=image_album</arg>
<arg>C:/work_2025/git-group-repository-group-4-sec-2/version3/test/Test-Data/1_3.jpeg\nC:/work_2025/git-group-repository-group-4-sec-2/version3/test/Test-Data/1_2.jpeg</arg>
<doc>Inputs the ``file_path`` into the file input field ``locator``.</doc>
<status status="PASS" start="2025-03-11T03:21:37.096589" elapsed="0.044090"/>
</kw>
<kw name="Scroll Element Into View" owner="SeleniumLibrary">
<arg>xpath=//button[@type='submit' and contains(text(),'Save')]</arg>
<doc>Scrolls the element identified by ``locator`` into view.</doc>
<status status="PASS" start="2025-03-11T03:21:37.141242" elapsed="0.707005"/>
</kw>
<kw name="Wait Until Element Is Visible" owner="SeleniumLibrary">
<arg>xpath=//button[@type='submit' and contains(text(),'Save')]</arg>
<doc>Waits until the element ``locator`` is visible.</doc>
<status status="PASS" start="2025-03-11T03:21:37.848751" elapsed="0.025423"/>
</kw>
<kw name="Execute Javascript" owner="SeleniumLibrary">
<msg time="2025-03-11T03:21:37.875275" level="INFO">Executing JavaScript:
document.querySelector("button.btn.btn-dark").click();
Without any arguments.</msg>
<arg>document.querySelector("button.btn.btn-dark").click();</arg>
<doc>Executes the given JavaScript code with possible arguments.</doc>
<status status="PASS" start="2025-03-11T03:21:37.874487" elapsed="0.021685"/>
</kw>
<kw name="Wait Until Element Is Visible" owner="SeleniumLibrary">
<arg>xpath=//h2[@id='swal2-title']</arg>
<doc>Waits until the element ``locator`` is visible.</doc>
<status status="PASS" start="2025-03-11T03:21:37.896497" elapsed="0.027332"/>
</kw>
<kw name="Element Should Contain" owner="SeleniumLibrary">
<msg time="2025-03-11T03:21:37.956768" level="INFO">Element 'xpath=//h2[@id='swal2-title']' contains text 'กรุณาอัปโหลดรูปภาพ!'.</msg>
<arg>xpath=//h2[@id='swal2-title']</arg>
<arg>กรุณาอัปโหลดรูปภาพ!</arg>
<doc>Verifies that element ``locator`` contains text ``expected``.</doc>
<status status="PASS" start="2025-03-11T03:21:37.924458" elapsed="0.032453"/>
</kw>
<kw name="Click Element" owner="SeleniumLibrary">
<msg time="2025-03-11T03:21:37.957767" level="INFO">Clicking element 'xpath=//button[contains(@class, 'swal2-confirm') and contains(text(),'ตกลง')]'.</msg>
<arg>xpath=//button[contains(@class, 'swal2-confirm') and contains(text(),'ตกลง')]</arg>
<doc>Click the element identified by ``locator``.</doc>
<status status="PASS" start="2025-03-11T03:21:37.957521" elapsed="0.100194"/>
</kw>
<kw name="Wait Until Location Is" owner="SeleniumLibrary">
<arg>${CREATE_NEWS_URL}</arg>
<doc>Waits until the current URL is ``expected``.</doc>
<status status="PASS" start="2025-03-11T03:21:38.058218" elapsed="0.005079"/>
</kw>
<kw name="Location Should Be" owner="SeleniumLibrary">
<msg time="2025-03-11T03:21:38.073986" level="INFO">Current location is 'https://cs04sec267.cpkkuhost.com/highlights/create'.</msg>
<arg>${CREATE_NEWS_URL}</arg>
<doc>Verifies that the current URL is exactly ``url``.</doc>
<status status="PASS" start="2025-03-11T03:21:38.063675" elapsed="0.010456"/>
</kw>
<kw name="Close Browser" owner="SeleniumLibrary">
<doc>Closes the current browser.</doc>
<status status="PASS" start="2025-03-11T03:21:38.075030" elapsed="2.493465"/>
</kw>
<doc>ทดสอบการสร้างข่าวใหม่ไม่สำเร็จ เนื่องจากไม่ใส่รูปภาพ Cover Image</doc>
<tag>UAT-V1-03</tag>
<status status="PASS" start="2025-03-11T03:21:17.927220" elapsed="22.641726"/>
</test>
<test id="s1-t3" name="Test Create Unsuccess Empty Title:" line="56">
<kw name="Go To Manage Highlights Page" owner="resource_v3">
<kw name="Go To Login Page" owner="resource_v3">
<kw name="Open Chrome Browser" owner="resource_v3">
<kw name="Evaluate" owner="BuiltIn">
<msg time="2025-03-11T03:21:40.573045" level="INFO">${chrome_options} = &lt;selenium.webdriver.chrome.options.Options object at 0x0000025ABC434410&gt;</msg>
<var>${chrome_options}</var>
<arg>sys.modules['selenium.webdriver'].ChromeOptions()</arg>
<doc>Evaluates the given expression in Python and returns the result.</doc>
<status status="PASS" start="2025-03-11T03:21:40.572674" elapsed="0.000423"/>
</kw>
<kw name="Set Variable" owner="BuiltIn">
<msg time="2025-03-11T03:21:40.573560" level="INFO">${chrome_options.binary_location} = C:/work_2025/ChromeForTesting/chrome-win64/chrome-win64/chrome.exe</msg>
<var>${chrome_options.binary_location}</var>
<arg>${CHROME_BROWSER_PATH}</arg>
<doc>Returns the given values which can then be assigned to a variables.</doc>
<status status="PASS" start="2025-03-11T03:21:40.573270" elapsed="0.000333"/>
</kw>
<kw name="Evaluate" owner="BuiltIn">
<msg time="2025-03-11T03:21:40.574388" level="INFO">${service} = &lt;selenium.webdriver.chrome.service.Service object at 0x0000025ABC436350&gt;</msg>
<var>${service}</var>
<arg>sys.modules['selenium.webdriver.chrome.service'].Service(executable_path="${CHROME_DRIVER_PATH}")</arg>
<doc>Evaluates the given expression in Python and returns the result.</doc>
<status status="PASS" start="2025-03-11T03:21:40.573755" elapsed="0.000688"/>
</kw>
<kw name="Create Webdriver" owner="SeleniumLibrary">
<msg time="2025-03-11T03:21:40.574938" level="INFO">Creating an instance of the Chrome WebDriver.</msg>
<arg>Chrome</arg>
<arg>options=${chrome_options}</arg>
<arg>service=${service}</arg>
<doc>Creates an instance of Selenium WebDriver.</doc>
<status status="PASS" start="2025-03-11T03:21:40.574657" elapsed="1.075542"/>
</kw>
<kw name="Maximize Browser Window" owner="SeleniumLibrary">
<doc>Maximizes current browser window.</doc>
<status status="PASS" start="2025-03-11T03:21:41.650879" elapsed="0.051693"/>
</kw>
<kw name="Go To" owner="SeleniumLibrary">
<msg time="2025-03-11T03:21:41.703066" level="INFO">Opening url 'https://cs04sec267.cpkkuhost.com/'</msg>
<arg>${URL}</arg>
<doc>Navigates the current browser window to the provided ``url``.</doc>
<status status="PASS" start="2025-03-11T03:21:41.702816" elapsed="4.956190"/>
</kw>
<status status="PASS" start="2025-03-11T03:21:40.572495" elapsed="6.086869"/>
</kw>
<kw name="Maximize Browser Window" owner="SeleniumLibrary">
<doc>Maximizes current browser window.</doc>
<status status="PASS" start="2025-03-11T03:21:46.659677" elapsed="0.005384"/>
</kw>
<kw name="Location Should Be" owner="SeleniumLibrary">
<msg time="2025-03-11T03:21:46.673257" level="INFO">Current location is 'https://cs04sec267.cpkkuhost.com/'.</msg>
<arg>${URL}</arg>
<doc>Verifies that the current URL is exactly ``url``.</doc>
<status status="PASS" start="2025-03-11T03:21:46.665301" elapsed="0.008099"/>
</kw>
<kw name="Sleep" owner="BuiltIn">
<msg time="2025-03-11T03:21:47.674276" level="INFO">Slept 1 second.</msg>
<arg>1s</arg>
<doc>Pauses the test executed for the given time.</doc>
<status status="PASS" start="2025-03-11T03:21:46.673646" elapsed="1.000838"/>
</kw>
<kw name="Click Link" owner="SeleniumLibrary">
<msg time="2025-03-11T03:21:47.674830" level="INFO">Clicking link 'xpath=//a[contains(@class, 'btn-primary') and contains(., 'Login')]'.</msg>
<arg>xpath=//a[contains(@class, 'btn-primary') and contains(., 'Login')]</arg>
<doc>Clicks a link identified by ``locator``.</doc>
<status status="PASS" start="2025-03-11T03:21:47.674659" elapsed="1.035443"/>
</kw>
<kw name="Location Should Be" owner="SeleniumLibrary">
<msg time="2025-03-11T03:21:48.713047" level="INFO">Current location is 'https://cs04sec267.cpkkuhost.com/login'.</msg>
<arg>${LOGIN_URL}</arg>
<doc>Verifies that the current URL is exactly ``url``.</doc>
<status status="PASS" start="2025-03-11T03:21:48.710297" elapsed="0.002816"/>
</kw>
<kw name="Wait Until Page Contains" owner="SeleniumLibrary">
<arg>Account Login</arg>
<arg>${DELAY}</arg>
<doc>Waits until ``text`` appears on the current page.</doc>
<status status="PASS" start="2025-03-11T03:21:48.713225" elapsed="0.013014"/>
</kw>
<status status="PASS" start="2025-03-11T03:21:40.572320" elapsed="8.154039"/>
</kw>
<kw name="Login Staff" owner="resource_v3">
<kw name="Input Text" owner="SeleniumLibrary">
<msg time="2025-03-11T03:21:48.727013" level="INFO">Typing text 'thanlao@kku.ac.th' into text field 'id=username'.</msg>
<arg>id=username</arg>
<arg>${STAFF_USERNAME}</arg>
<doc>Types the given ``text`` into the text field identified by ``locator``.</doc>
<status status="PASS" start="2025-03-11T03:21:48.726817" elapsed="0.104032"/>
</kw>
<kw name="Input Text" owner="SeleniumLibrary">
<msg time="2025-03-11T03:21:48.831411" level="INFO">Typing text '123456789' into text field 'id=password'.</msg>
<arg>id=password</arg>
<arg>${STAFF_PASSWORD}</arg>
<doc>Types the given ``text`` into the text field identified by ``locator``.</doc>
<status status="PASS" start="2025-03-11T03:21:48.831210" elapsed="0.094860"/>
</kw>
<kw name="Click Button" owner="SeleniumLibrary">
<msg time="2025-03-11T03:21:48.926544" level="INFO">Clicking button 'xpath=//button[contains(text(),'Log In')]'.</msg>
<arg>xpath=//button[contains(text(),'Log In')]</arg>
<doc>Clicks the button identified by ``locator``.</doc>
<status status="PASS" start="2025-03-11T03:21:48.926261" elapsed="0.082337"/>
</kw>
<kw name="Wait Until Location Is" owner="SeleniumLibrary">
<arg>${DASHBOARD_URL}</arg>
<arg>${DELAY}</arg>
<doc>Waits until the current URL is ``expected``.</doc>
<status status="PASS" start="2025-03-11T03:21:49.008911" elapsed="2.757872"/>
</kw>
<kw name="Wait Until Page Contains" owner="SeleniumLibrary">
<arg>Dashboard</arg>
<arg>${DELAY}</arg>
<doc>Waits until ``text`` appears on the current page.</doc>
<status status="PASS" start="2025-03-11T03:21:51.767073" elapsed="0.014695"/>
</kw>
<status status="PASS" start="2025-03-11T03:21:48.726538" elapsed="3.055364"/>
</kw>
<kw name="Verify Staff Dashboard" owner="resource_v3">
<kw name="Page Should Contain" owner="SeleniumLibrary">
<msg time="2025-03-11T03:21:51.796520" level="INFO">Current page contains text 'Manage Highlights'.</msg>
<arg>Manage Highlights</arg>
<doc>Verifies that current page contains ``text``.</doc>
<status status="PASS" start="2025-03-11T03:21:51.782333" elapsed="0.014406"/>
</kw>
<status status="PASS" start="2025-03-11T03:21:51.782075" elapsed="0.014875"/>
</kw>
<kw name="Click Link" owner="SeleniumLibrary">
<msg time="2025-03-11T03:21:51.797601" level="INFO">Clicking link 'xpath=//a[@class='nav-link' and contains(span, 'Manage Highlights')]'.</msg>
<arg>xpath=//a[@class='nav-link' and contains(span, 'Manage Highlights')]</arg>
<doc>Clicks a link identified by ``locator``.</doc>
<status status="PASS" start="2025-03-11T03:21:51.797262" elapsed="0.991854"/>
</kw>
<kw name="Wait Until Location Is" owner="SeleniumLibrary">
<arg>${MANAGE_HIGHLIGHTS_URL}</arg>
<arg>${DELAY}</arg>
<doc>Waits until the current URL is ``expected``.</doc>
<status status="PASS" start="2025-03-11T03:21:52.789425" elapsed="0.006621"/>
</kw>
<kw name="Page Should Contain" owner="SeleniumLibrary">
<msg time="2025-03-11T03:21:52.810112" level="INFO">Current page contains text 'Manage Highlights'.</msg>
<arg>Manage Highlights</arg>
<doc>Verifies that current page contains ``text``.</doc>
<status status="PASS" start="2025-03-11T03:21:52.796367" elapsed="0.013850"/>
</kw>
<status status="PASS" start="2025-03-11T03:21:40.572091" elapsed="12.238229"/>
</kw>
<kw name="Location Should Be" owner="SeleniumLibrary">
<msg time="2025-03-11T03:21:52.814199" level="INFO">Current location is 'https://cs04sec267.cpkkuhost.com/highlights'.</msg>
<arg>${MANAGE_HIGHLIGHTS_URL}</arg>
<doc>Verifies that the current URL is exactly ``url``.</doc>
<status status="PASS" start="2025-03-11T03:21:52.810701" elapsed="0.003595"/>
</kw>
<kw name="Sleep" owner="BuiltIn">
<msg time="2025-03-11T03:21:55.815484" level="INFO">Slept 3 seconds.</msg>
<arg>3s</arg>
<doc>Pauses the test executed for the given time.</doc>
<status status="PASS" start="2025-03-11T03:21:52.814598" elapsed="3.001135"/>
</kw>
<kw name="Scroll Element Into View" owner="SeleniumLibrary">
<arg>xpath=//a[contains(@class, 'btn btn-primary mb-3') and contains(text(), '+ Create')]</arg>
<doc>Scrolls the element identified by ``locator`` into view.</doc>
<status status="PASS" start="2025-03-11T03:21:55.816405" elapsed="0.279412"/>
</kw>
<kw name="Click Link" owner="SeleniumLibrary">
<msg time="2025-03-11T03:21:56.096465" level="INFO">Clicking link 'xpath=//a[contains(text(), '+ Create')]'.</msg>
<arg>xpath=//a[contains(text(), '+ Create')]</arg>
<doc>Clicks a link identified by ``locator``.</doc>
<status status="PASS" start="2025-03-11T03:21:56.096235" elapsed="1.217131"/>
</kw>
<kw name="Wait Until Location Is" owner="SeleniumLibrary">
<arg>${CREATE_NEWS_URL}</arg>
<arg>${DELAY}</arg>
<doc>Waits until the current URL is ``expected``.</doc>
<status status="PASS" start="2025-03-11T03:21:57.313885" elapsed="0.006759"/>
</kw>
<kw name="Location Should Be" owner="SeleniumLibrary">
<msg time="2025-03-11T03:21:57.326188" level="INFO">Current location is 'https://cs04sec267.cpkkuhost.com/highlights/create'.</msg>
<arg>${CREATE_NEWS_URL}</arg>
<doc>Verifies that the current URL is exactly ``url``.</doc>
<status status="PASS" start="2025-03-11T03:21:57.321072" elapsed="0.005236"/>
</kw>
<kw name="Click Element" owner="SeleniumLibrary">
<msg time="2025-03-11T03:21:57.326969" level="INFO">Clicking element 'id=coverImageBox'.</msg>
<arg>id=coverImageBox</arg>
<doc>Click the element identified by ``locator``.</doc>
<status status="PASS" start="2025-03-11T03:21:57.326735" elapsed="0.081603"/>
</kw>
<kw name="Choose File" owner="SeleniumLibrary">
<msg time="2025-03-11T03:21:57.409079" level="INFO">Sending C:\work_2025\git-group-repository-group-4-sec-2\version3\test\Test-Data\1_3.jpeg to browser.</msg>
<arg>xpath=//input[@type='file']</arg>
<arg>C:/work_2025/git-group-repository-group-4-sec-2/version3/test/Test-Data/1_3.jpeg</arg>
<doc>Inputs the ``file_path`` into the file input field ``locator``.</doc>
<status status="PASS" start="2025-03-11T03:21:57.408798" elapsed="0.036249"/>
</kw>
<kw name="Scroll Element Into View" owner="SeleniumLibrary">
<arg>xpath=//button[@type='submit' and contains(text(),'Save')]</arg>
<doc>Scrolls the element identified by ``locator`` into view.</doc>
<status status="PASS" start="2025-03-11T03:21:57.445499" elapsed="0.309906"/>
</kw>
<kw name="Click Element" owner="SeleniumLibrary">
<msg time="2025-03-11T03:21:57.756271" level="INFO">Clicking element 'xpath=//span[contains(@class, 'select2-selection')]'.</msg>
<arg>xpath=//span[contains(@class, 'select2-selection')]</arg>
<doc>Click the element identified by ``locator``.</doc>
<status status="PASS" start="2025-03-11T03:21:57.755972" elapsed="0.117110"/>
</kw>
<kw name="Sleep" owner="BuiltIn">
<msg time="2025-03-11T03:21:58.874318" level="INFO">Slept 1 second.</msg>
<arg>1s</arg>
<doc>Pauses the test executed for the given time.</doc>
<status status="PASS" start="2025-03-11T03:21:57.873479" elapsed="1.001061"/>
</kw>
<kw name="Click Element" owner="SeleniumLibrary">
<msg time="2025-03-11T03:21:58.875423" level="INFO">Clicking element 'xpath=//li[contains(text(), 'ทุนวิจัยและโอกาสสนับสนุน')]'.</msg>
<arg>xpath=//li[contains(text(), 'ทุนวิจัยและโอกาสสนับสนุน')]</arg>
<doc>Click the element identified by ``locator``.</doc>
<status status="PASS" start="2025-03-11T03:21:58.875033" elapsed="0.083332"/>
</kw>
<kw name="Sleep" owner="BuiltIn">
<msg time="2025-03-11T03:21:59.959923" level="INFO">Slept 1 second.</msg>
<arg>1s</arg>
<doc>Pauses the test executed for the given time.</doc>
<status status="PASS" start="2025-03-11T03:21:58.958957" elapsed="1.001192"/>
</kw>
<kw name="Input Text" owner="SeleniumLibrary">
<msg time="2025-03-11T03:21:59.961144" level="INFO">Typing text 'เปิดรับสมัครทุนวิจัยสำหรับนักวิจัยรุ่นใหม่ เพื่อสนับสนุนการพัฒนาโครงการวิจัยที่มีศักยภาพ' into text field 'id=description'.</msg>
<arg>id=description</arg>
<arg>เปิดรับสมัครทุนวิจัยสำหรับนักวิจัยรุ่นใหม่ เพื่อสนับสนุนการพัฒนาโครงการวิจัยที่มีศักยภาพ</arg>
<doc>Types the given ``text`` into the text field identified by ``locator``.</doc>
<status status="PASS" start="2025-03-11T03:21:59.960957" elapsed="0.114799"/>
</kw>
<kw name="Input Text" owner="SeleniumLibrary">
<msg time="2025-03-11T03:22:00.076500" level="INFO">Typing text 'https://www.google.com' into text field 'id=link'.</msg>
<arg>id=link</arg>
<arg>https://www.google.com</arg>
<doc>Types the given ``text`` into the text field identified by ``locator``.</doc>
<status status="PASS" start="2025-03-11T03:22:00.076241" elapsed="0.103792"/>
</kw>
<kw name="Scroll Element Into View" owner="SeleniumLibrary">
<arg>id=imageAlbumBox</arg>
<doc>Scrolls the element identified by ``locator`` into view.</doc>
<status status="PASS" start="2025-03-11T03:22:00.180606" elapsed="0.293986"/>
</kw>
<kw name="Click Element" owner="SeleniumLibrary">
<msg time="2025-03-11T03:22:00.475440" level="INFO">Clicking element 'id=imageAlbumBox'.</msg>
<arg>id=imageAlbumBox</arg>
<doc>Click the element identified by ``locator``.</doc>
<status status="PASS" start="2025-03-11T03:22:00.475245" elapsed="0.049096"/>
</kw>
<kw name="Choose File" owner="SeleniumLibrary">
<msg time="2025-03-11T03:22:00.525190" level="INFO">Sending C:\work_2025\git-group-repository-group-4-sec-2\version3\test\Test-Data\1_3.jpeg
C:\work_2025\git-group-repository-group-4-sec-2\version3\test\Test-Data\1_2.jpeg to browser.</msg>
<arg>id=image_album</arg>
<arg>C:/work_2025/git-group-repository-group-4-sec-2/version3/test/Test-Data/1_3.jpeg\nC:/work_2025/git-group-repository-group-4-sec-2/version3/test/Test-Data/1_2.jpeg</arg>
<doc>Inputs the ``file_path`` into the file input field ``locator``.</doc>
<status status="PASS" start="2025-03-11T03:22:00.524858" elapsed="0.027991"/>
</kw>
<kw name="Scroll Element Into View" owner="SeleniumLibrary">
<arg>xpath=//button[@type='submit' and contains(text(),'Save')]</arg>
<doc>Scrolls the element identified by ``locator`` into view.</doc>
<status status="PASS" start="2025-03-11T03:22:00.553148" elapsed="0.392627"/>
</kw>
<kw name="Scroll Element Into View" owner="SeleniumLibrary">
<arg>xpath=//button[@type='submit' and contains(text(),'Save')]</arg>
<doc>Scrolls the element identified by ``locator`` into view.</doc>
<status status="PASS" start="2025-03-11T03:22:00.946328" elapsed="0.271223"/>
</kw>
<kw name="Wait Until Element Is Visible" owner="SeleniumLibrary">
<arg>xpath=//button[@type='submit' and contains(text(),'Save')]</arg>
<doc>Waits until the element ``locator`` is visible.</doc>
<status status="PASS" start="2025-03-11T03:22:01.217890" elapsed="0.015254"/>
</kw>
<kw name="Execute Javascript" owner="SeleniumLibrary">
<msg time="2025-03-11T03:22:01.234010" level="INFO">Executing JavaScript:
document.querySelector("button.btn.btn-dark").click();
Without any arguments.</msg>
<arg>document.querySelector("button.btn.btn-dark").click();</arg>
<doc>Executes the given JavaScript code with possible arguments.</doc>
<status status="PASS" start="2025-03-11T03:22:01.233476" elapsed="0.020972"/>
</kw>
<kw name="Wait Until Element Is Visible" owner="SeleniumLibrary">
<arg>xpath=//h2[@id='swal2-title']</arg>
<doc>Waits until the element ``locator`` is visible.</doc>
<status status="PASS" start="2025-03-11T03:22:01.255197" elapsed="0.022641"/>
</kw>
<kw name="Element Should Contain" owner="SeleniumLibrary">
<msg time="2025-03-11T03:22:01.300331" level="INFO">Element 'xpath=//h2[@id='swal2-title']' contains text 'กรุณากรอกชื่อไฮไลท์!'.</msg>
<arg>xpath=//h2[@id='swal2-title']</arg>
<arg>กรุณากรอกชื่อไฮไลท์!</arg>
<doc>Verifies that element ``locator`` contains text ``expected``.</doc>
<status status="PASS" start="2025-03-11T03:22:01.278283" elapsed="0.022152"/>
</kw>
<kw name="Click Element" owner="SeleniumLibrary">
<msg time="2025-03-11T03:22:01.301156" level="INFO">Clicking element 'xpath=//button[contains(@class, 'swal2-confirm') and contains(text(),'ตกลง')]'.</msg>
<arg>xpath=//button[contains(@class, 'swal2-confirm') and contains(text(),'ตกลง')]</arg>
<doc>Click the element identified by ``locator``.</doc>
<status status="PASS" start="2025-03-11T03:22:01.300950" elapsed="0.103479"/>
</kw>
<kw name="Location Should Be" owner="SeleniumLibrary">
<msg time="2025-03-11T03:22:01.414033" level="INFO">Current location is 'https://cs04sec267.cpkkuhost.com/highlights/create'.</msg>
<arg>${CREATE_NEWS_URL}</arg>
<doc>Verifies that the current URL is exactly ``url``.</doc>
<status status="PASS" start="2025-03-11T03:22:01.404881" elapsed="0.009383"/>
</kw>
<kw name="Close Browser" owner="SeleniumLibrary">
<doc>Closes the current browser.</doc>
<status status="PASS" start="2025-03-11T03:22:01.414679" elapsed="2.489739"/>
</kw>
<doc>ทดสอบการสร้างข่าวใหม่ไม่สำเร็จ เนื่องจากไม่ใส่ Title</doc>
<tag>UAT-V1-03</tag>
<status status="PASS" start="2025-03-11T03:21:40.570839" elapsed="23.334061"/>
</test>
<test id="s1-t4" name="Test Create Unsuccess Empty Tag:" line="97">
<kw name="Go To Manage Highlights Page" owner="resource_v3">
<kw name="Go To Login Page" owner="resource_v3">
<kw name="Open Chrome Browser" owner="resource_v3">
<kw name="Evaluate" owner="BuiltIn">
<msg time="2025-03-11T03:22:03.908570" level="INFO">${chrome_options} = &lt;selenium.webdriver.chrome.options.Options object at 0x0000025ABC9FF490&gt;</msg>
<var>${chrome_options}</var>
<arg>sys.modules['selenium.webdriver'].ChromeOptions()</arg>
<doc>Evaluates the given expression in Python and returns the result.</doc>
<status status="PASS" start="2025-03-11T03:22:03.908297" elapsed="0.000313"/>
</kw>
<kw name="Set Variable" owner="BuiltIn">
<msg time="2025-03-11T03:22:03.908951" level="INFO">${chrome_options.binary_location} = C:/work_2025/ChromeForTesting/chrome-win64/chrome-win64/chrome.exe</msg>
<var>${chrome_options.binary_location}</var>
<arg>${CHROME_BROWSER_PATH}</arg>
<doc>Returns the given values which can then be assigned to a variables.</doc>
<status status="PASS" start="2025-03-11T03:22:03.908741" elapsed="0.000241"/>
</kw>
<kw name="Evaluate" owner="BuiltIn">
<msg time="2025-03-11T03:22:03.909972" level="INFO">${service} = &lt;selenium.webdriver.chrome.service.Service object at 0x0000025ABC9FF820&gt;</msg>
<var>${service}</var>
<arg>sys.modules['selenium.webdriver.chrome.service'].Service(executable_path="${CHROME_DRIVER_PATH}")</arg>
<doc>Evaluates the given expression in Python and returns the result.</doc>
<status status="PASS" start="2025-03-11T03:22:03.909099" elapsed="0.000973"/>
</kw>
<kw name="Create Webdriver" owner="SeleniumLibrary">
<msg time="2025-03-11T03:22:03.910948" level="INFO">Creating an instance of the Chrome WebDriver.</msg>
<arg>Chrome</arg>
<arg>options=${chrome_options}</arg>
<arg>service=${service}</arg>
<doc>Creates an instance of Selenium WebDriver.</doc>
<status status="PASS" start="2025-03-11T03:22:03.910395" elapsed="1.037852"/>
</kw>
<kw name="Maximize Browser Window" owner="SeleniumLibrary">
<doc>Maximizes current browser window.</doc>
<status status="PASS" start="2025-03-11T03:22:04.948507" elapsed="0.064639"/>
</kw>
<kw name="Go To" owner="SeleniumLibrary">
<msg time="2025-03-11T03:22:05.013609" level="INFO">Opening url 'https://cs04sec267.cpkkuhost.com/'</msg>
<arg>${URL}</arg>
<doc>Navigates the current browser window to the provided ``url``.</doc>
<status status="PASS" start="2025-03-11T03:22:05.013378" elapsed="4.802606"/>
</kw>
<status status="PASS" start="2025-03-11T03:22:03.908058" elapsed="5.908113"/>
</kw>
<kw name="Maximize Browser Window" owner="SeleniumLibrary">
<doc>Maximizes current browser window.</doc>
<status status="PASS" start="2025-03-11T03:22:09.816489" elapsed="0.003917"/>
</kw>
<kw name="Location Should Be" owner="SeleniumLibrary">
<msg time="2025-03-11T03:22:09.827081" level="INFO">Current location is 'https://cs04sec267.cpkkuhost.com/'.</msg>
<arg>${URL}</arg>
<doc>Verifies that the current URL is exactly ``url``.</doc>
<status status="PASS" start="2025-03-11T03:22:09.820610" elapsed="0.006599"/>
</kw>
<kw name="Sleep" owner="BuiltIn">
<msg time="2025-03-11T03:22:10.828431" level="INFO">Slept 1 second.</msg>
<arg>1s</arg>
<doc>Pauses the test executed for the given time.</doc>
<status status="PASS" start="2025-03-11T03:22:09.827449" elapsed="1.001352"/>
</kw>
<kw name="Click Link" owner="SeleniumLibrary">
<msg time="2025-03-11T03:22:10.829412" level="INFO">Clicking link 'xpath=//a[contains(@class, 'btn-primary') and contains(., 'Login')]'.</msg>
<arg>xpath=//a[contains(@class, 'btn-primary') and contains(., 'Login')]</arg>
<doc>Clicks a link identified by ``locator``.</doc>
<status status="PASS" start="2025-03-11T03:22:10.829217" elapsed="1.034236"/>
</kw>
<kw name="Location Should Be" owner="SeleniumLibrary">
<msg time="2025-03-11T03:22:11.868804" level="INFO">Current location is 'https://cs04sec267.cpkkuhost.com/login'.</msg>
<arg>${LOGIN_URL}</arg>
<doc>Verifies that the current URL is exactly ``url``.</doc>
<status status="PASS" start="2025-03-11T03:22:11.863593" elapsed="0.005371"/>
</kw>
<kw name="Wait Until Page Contains" owner="SeleniumLibrary">
<arg>Account Login</arg>
<arg>${DELAY}</arg>
<doc>Waits until ``text`` appears on the current page.</doc>
<status status="PASS" start="2025-03-11T03:22:11.869183" elapsed="0.009884"/>
</kw>
<status status="PASS" start="2025-03-11T03:22:03.907619" elapsed="7.971599"/>
</kw>
<kw name="Login Staff" owner="resource_v3">
<kw name="Input Text" owner="SeleniumLibrary">
<msg time="2025-03-11T03:22:11.880003" level="INFO">Typing text 'thanlao@kku.ac.th' into text field 'id=username'.</msg>
<arg>id=username</arg>
<arg>${STAFF_USERNAME}</arg>
<doc>Types the given ``text`` into the text field identified by ``locator``.</doc>
<status status="PASS" start="2025-03-11T03:22:11.879753" elapsed="0.112472"/>
</kw>
<kw name="Input Text" owner="SeleniumLibrary">
<msg time="2025-03-11T03:22:11.992782" level="INFO">Typing text '123456789' into text field 'id=password'.</msg>
<arg>id=password</arg>
<arg>${STAFF_PASSWORD}</arg>
<doc>Types the given ``text`` into the text field identified by ``locator``.</doc>
<status status="PASS" start="2025-03-11T03:22:11.992459" elapsed="0.095085"/>
</kw>
<kw name="Click Button" owner="SeleniumLibrary">
<msg time="2025-03-11T03:22:12.088325" level="INFO">Clicking button 'xpath=//button[contains(text(),'Log In')]'.</msg>
<arg>xpath=//button[contains(text(),'Log In')]</arg>
<doc>Clicks the button identified by ``locator``.</doc>
<status status="PASS" start="2025-03-11T03:22:12.087931" elapsed="0.084599"/>
</kw>
<kw name="Wait Until Location Is" owner="SeleniumLibrary">
<arg>${DASHBOARD_URL}</arg>
<arg>${DELAY}</arg>
<doc>Waits until the current URL is ``expected``.</doc>
<status status="PASS" start="2025-03-11T03:22:12.172722" elapsed="2.699191"/>
</kw>
<kw name="Wait Until Page Contains" owner="SeleniumLibrary">
<arg>Dashboard</arg>
<arg>${DELAY}</arg>
<doc>Waits until ``text`` appears on the current page.</doc>
<status status="PASS" start="2025-03-11T03:22:14.872103" elapsed="0.011905"/>
</kw>
<status status="PASS" start="2025-03-11T03:22:11.879440" elapsed="3.004690"/>
</kw>
<kw name="Verify Staff Dashboard" owner="resource_v3">
<kw name="Page Should Contain" owner="SeleniumLibrary">
<msg time="2025-03-11T03:22:14.898692" level="INFO">Current page contains text 'Manage Highlights'.</msg>
<arg>Manage Highlights</arg>
<doc>Verifies that current page contains ``text``.</doc>
<status status="PASS" start="2025-03-11T03:22:14.884548" elapsed="0.014250"/>
</kw>
<status status="PASS" start="2025-03-11T03:22:14.884304" elapsed="0.014601"/>
</kw>
<kw name="Click Link" owner="SeleniumLibrary">
<msg time="2025-03-11T03:22:14.899223" level="INFO">Clicking link 'xpath=//a[@class='nav-link' and contains(span, 'Manage Highlights')]'.</msg>
<arg>xpath=//a[@class='nav-link' and contains(span, 'Manage Highlights')]</arg>
<doc>Clicks a link identified by ``locator``.</doc>
<status status="PASS" start="2025-03-11T03:22:14.899043" elapsed="0.981079"/>
</kw>
<kw name="Wait Until Location Is" owner="SeleniumLibrary">
<arg>${MANAGE_HIGHLIGHTS_URL}</arg>
<arg>${DELAY}</arg>
<doc>Waits until the current URL is ``expected``.</doc>
<status status="PASS" start="2025-03-11T03:22:15.880329" elapsed="0.007583"/>
</kw>
<kw name="Page Should Contain" owner="SeleniumLibrary">
<msg time="2025-03-11T03:22:15.905253" level="INFO">Current page contains text 'Manage Highlights'.</msg>
<arg>Manage Highlights</arg>
<doc>Verifies that current page contains ``text``.</doc>
<status status="PASS" start="2025-03-11T03:22:15.888467" elapsed="0.016884"/>
</kw>
<status status="PASS" start="2025-03-11T03:22:03.907380" elapsed="11.998073"/>
</kw>
<kw name="Location Should Be" owner="SeleniumLibrary">
<msg time="2025-03-11T03:22:15.910640" level="INFO">Current location is 'https://cs04sec267.cpkkuhost.com/highlights'.</msg>
<arg>${MANAGE_HIGHLIGHTS_URL}</arg>
<doc>Verifies that the current URL is exactly ``url``.</doc>
<status status="PASS" start="2025-03-11T03:22:15.905889" elapsed="0.004851"/>
</kw>
<kw name="Sleep" owner="BuiltIn">
<msg time="2025-03-11T03:22:18.911801" level="INFO">Slept 3 seconds.</msg>
<arg>3s</arg>
<doc>Pauses the test executed for the given time.</doc>
<status status="PASS" start="2025-03-11T03:22:15.911076" elapsed="3.000884"/>
</kw>
<kw name="Scroll Element Into View" owner="SeleniumLibrary">
<arg>xpath=//a[contains(@class, 'btn btn-primary mb-3') and contains(text(), '+ Create')]</arg>
<doc>Scrolls the element identified by ``locator`` into view.</doc>
<status status="PASS" start="2025-03-11T03:22:18.913132" elapsed="0.284309"/>
</kw>
<kw name="Click Link" owner="SeleniumLibrary">
<msg time="2025-03-11T03:22:19.198110" level="INFO">Clicking link 'xpath=//a[contains(text(), '+ Create')]'.</msg>
<arg>xpath=//a[contains(text(), '+ Create')]</arg>
<doc>Clicks a link identified by ``locator``.</doc>
<status status="PASS" start="2025-03-11T03:22:19.197881" elapsed="1.186606"/>
</kw>
<kw name="Wait Until Location Is" owner="SeleniumLibrary">
<arg>${CREATE_NEWS_URL}</arg>
<arg>${DELAY}</arg>
<doc>Waits until the current URL is ``expected``.</doc>
<status status="PASS" start="2025-03-11T03:22:20.384873" elapsed="0.004510"/>
</kw>
<kw name="Location Should Be" owner="SeleniumLibrary">
<msg time="2025-03-11T03:22:20.393313" level="INFO">Current location is 'https://cs04sec267.cpkkuhost.com/highlights/create'.</msg>
<arg>${CREATE_NEWS_URL}</arg>
<doc>Verifies that the current URL is exactly ``url``.</doc>
<status status="PASS" start="2025-03-11T03:22:20.389738" elapsed="0.003694"/>
</kw>
<kw name="Click Element" owner="SeleniumLibrary">
<msg time="2025-03-11T03:22:20.393925" level="INFO">Clicking element 'id=coverImageBox'.</msg>
<arg>id=coverImageBox</arg>
<doc>Click the element identified by ``locator``.</doc>
<status status="PASS" start="2025-03-11T03:22:20.393731" elapsed="0.065890"/>
</kw>
<kw name="Choose File" owner="SeleniumLibrary">
<msg time="2025-03-11T03:22:20.460247" level="INFO">Sending C:\work_2025\git-group-repository-group-4-sec-2\version3\test\Test-Data\1_3.jpeg to browser.</msg>
<arg>xpath=//input[@type='file']</arg>
<arg>C:/work_2025/git-group-repository-group-4-sec-2/version3/test/Test-Data/1_3.jpeg</arg>
<doc>Inputs the ``file_path`` into the file input field ``locator``.</doc>
<status status="PASS" start="2025-03-11T03:22:20.460005" elapsed="0.037484"/>
</kw>
<kw name="Input Text" owner="SeleniumLibrary">
<msg time="2025-03-11T03:22:20.498731" level="INFO">Typing text 'โครงการทุนวิจัยและโอกาสสนับสนุนสำหรับนักวิจัยรุ่นใหม่' into text field 'id=title'.</msg>
<arg>id=title</arg>
<arg>โครงการทุนวิจัยและโอกาสสนับสนุนสำหรับนักวิจัยรุ่นใหม่</arg>
<doc>Types the given ``text`` into the text field identified by ``locator``.</doc>
<status status="PASS" start="2025-03-11T03:22:20.498289" elapsed="0.225558"/>
</kw>
<kw name="Input Text" owner="SeleniumLibrary">
<msg time="2025-03-11T03:22:20.728612" level="INFO">Typing text 'เปิดรับสมัครทุนวิจัยสำหรับนักวิจัยรุ่นใหม่ เพื่อสนับสนุนการพัฒนาโครงการวิจัยที่มีศักยภาพ' into text field 'id=description'.</msg>
<arg>id=description</arg>
<arg>เปิดรับสมัครทุนวิจัยสำหรับนักวิจัยรุ่นใหม่ เพื่อสนับสนุนการพัฒนาโครงการวิจัยที่มีศักยภาพ</arg>
<doc>Types the given ``text`` into the text field identified by ``locator``.</doc>
<status status="PASS" start="2025-03-11T03:22:20.728176" elapsed="0.162357"/>
</kw>
<kw name="Input Text" owner="SeleniumLibrary">
<msg time="2025-03-11T03:22:20.891111" level="INFO">Typing text 'https://www.google.com' into text field 'id=link'.</msg>
<arg>id=link</arg>
<arg>https://www.google.com</arg>
<doc>Types the given ``text`` into the text field identified by ``locator``.</doc>
<status status="PASS" start="2025-03-11T03:22:20.890887" elapsed="0.115802"/>
</kw>
<kw name="Scroll Element Into View" owner="SeleniumLibrary">
<arg>id=imageAlbumBox</arg>
<doc>Scrolls the element identified by ``locator`` into view.</doc>
<status status="PASS" start="2025-03-11T03:22:21.007128" elapsed="0.283114"/>
</kw>
<kw name="Click Element" owner="SeleniumLibrary">
<msg time="2025-03-11T03:22:21.290810" level="INFO">Clicking element 'id=imageAlbumBox'.</msg>
<arg>id=imageAlbumBox</arg>
<doc>Click the element identified by ``locator``.</doc>
<status status="PASS" start="2025-03-11T03:22:21.290566" elapsed="0.052248"/>
</kw>
<kw name="Choose File" owner="SeleniumLibrary">
<msg time="2025-03-11T03:22:21.343566" level="INFO">Sending C:\work_2025\git-group-repository-group-4-sec-2\version3\test\Test-Data\1_3.jpeg
C:\work_2025\git-group-repository-group-4-sec-2\version3\test\Test-Data\1_2.jpeg to browser.</msg>
<arg>id=image_album</arg>
<arg>C:/work_2025/git-group-repository-group-4-sec-2/version3/test/Test-Data/1_3.jpeg\nC:/work_2025/git-group-repository-group-4-sec-2/version3/test/Test-Data/1_2.jpeg</arg>
<doc>Inputs the ``file_path`` into the file input field ``locator``.</doc>
<status status="PASS" start="2025-03-11T03:22:21.343251" elapsed="0.026893"/>
</kw>
<kw name="Scroll Element Into View" owner="SeleniumLibrary">
<arg>xpath=//button[@type='submit' and contains(text(),'Save')]</arg>
<doc>Scrolls the element identified by ``locator`` into view.</doc>
<status status="PASS" start="2025-03-11T03:22:21.370498" elapsed="0.435376"/>
</kw>
<kw name="Wait Until Element Is Visible" owner="SeleniumLibrary">
<arg>xpath=//button[@type='submit' and contains(text(),'Save')]</arg>
<doc>Waits until the element ``locator`` is visible.</doc>
<status status="PASS" start="2025-03-11T03:22:21.806248" elapsed="0.013522"/>
</kw>
<kw name="Execute Javascript" owner="SeleniumLibrary">
<msg time="2025-03-11T03:22:21.820388" level="INFO">Executing JavaScript:
document.querySelector("button.btn.btn-dark").click();
Without any arguments.</msg>
<arg>document.querySelector("button.btn.btn-dark").click();</arg>
<doc>Executes the given JavaScript code with possible arguments.</doc>
<status status="PASS" start="2025-03-11T03:22:21.820115" elapsed="0.019046"/>
</kw>
<kw name="Sleep" owner="BuiltIn">
<msg time="2025-03-11T03:22:24.840860" level="INFO">Slept 3 seconds.</msg>
<arg>3s</arg>
<doc>Pauses the test executed for the given time.</doc>
<status status="PASS" start="2025-03-11T03:22:21.839687" elapsed="3.001519"/>
</kw>
<kw name="Element Should Contain" owner="SeleniumLibrary">
<msg time="2025-03-11T03:22:24.862143" level="INFO">Element 'xpath=//h2[@id='swal2-title']' contains text 'กรุณาเลือก tag!'.</msg>
<arg>xpath=//h2[@id='swal2-title']</arg>
<arg>กรุณาเลือก tag!</arg>
<doc>Verifies that element ``locator`` contains text ``expected``.</doc>
<status status="PASS" start="2025-03-11T03:22:24.842609" elapsed="0.019622"/>
</kw>
<kw name="Click Element" owner="SeleniumLibrary">
<msg time="2025-03-11T03:22:24.862837" level="INFO">Clicking element 'xpath=//button[contains(@class, 'swal2-confirm') and contains(text(),'ตกลง')]'.</msg>
<arg>xpath=//button[contains(@class, 'swal2-confirm') and contains(text(),'ตกลง')]</arg>
<doc>Click the element identified by ``locator``.</doc>
<status status="PASS" start="2025-03-11T03:22:24.862627" elapsed="0.061875"/>
</kw>
<kw name="Location Should Be" owner="SeleniumLibrary">
<msg time="2025-03-11T03:22:24.940760" level="INFO">Current location is 'https://cs04sec267.cpkkuhost.com/highlights/create'.</msg>
<arg>${CREATE_NEWS_URL}</arg>
<doc>Verifies that the current URL is exactly ``url``.</doc>
<status status="PASS" start="2025-03-11T03:22:24.929353" elapsed="0.011638"/>
</kw>
<kw name="Close Browser" owner="SeleniumLibrary">
<doc>Closes the current browser.</doc>
<status status="PASS" start="2025-03-11T03:22:24.941829" elapsed="2.485294"/>
</kw>
<doc>ทดสอบการสร้างข่าวใหม่ไม่สำเร็จ เนื่องจากไม่เลือก Tag</doc>
<tag>UAT-V1-03</tag>
<status status="PASS" start="2025-03-11T03:22:03.906323" elapsed="23.521395"/>
</test>
<test id="s1-t5" name="Test Create News Unsuccess Empty Description:" line="132">
<kw name="Go To Manage Highlights Page" owner="resource_v3">
<kw name="Go To Login Page" owner="resource_v3">
<kw name="Open Chrome Browser" owner="resource_v3">
<kw name="Evaluate" owner="BuiltIn">
<msg time="2025-03-11T03:22:27.434451" level="INFO">${chrome_options} = &lt;selenium.webdriver.chrome.options.Options object at 0x0000025ABC9FFCE0&gt;</msg>
<var>${chrome_options}</var>
<arg>sys.modules['selenium.webdriver'].ChromeOptions()</arg>
<doc>Evaluates the given expression in Python and returns the result.</doc>
<status status="PASS" start="2025-03-11T03:22:27.434173" elapsed="0.000401"/>
</kw>
<kw name="Set Variable" owner="BuiltIn">
<msg time="2025-03-11T03:22:27.435778" level="INFO">${chrome_options.binary_location} = C:/work_2025/ChromeForTesting/chrome-win64/chrome-win64/chrome.exe</msg>
<var>${chrome_options.binary_location}</var>
<arg>${CHROME_BROWSER_PATH}</arg>
<doc>Returns the given values which can then be assigned to a variables.</doc>
<status status="PASS" start="2025-03-11T03:22:27.435468" elapsed="0.000352"/>
</kw>
<kw name="Evaluate" owner="BuiltIn">
<msg time="2025-03-11T03:22:27.436614" level="INFO">${service} = &lt;selenium.webdriver.chrome.service.Service object at 0x0000025ABC9FF950&gt;</msg>
<var>${service}</var>
<arg>sys.modules['selenium.webdriver.chrome.service'].Service(executable_path="${CHROME_DRIVER_PATH}")</arg>
<doc>Evaluates the given expression in Python and returns the result.</doc>
<status status="PASS" start="2025-03-11T03:22:27.435977" elapsed="0.000666"/>
</kw>
<kw name="Create Webdriver" owner="SeleniumLibrary">
<msg time="2025-03-11T03:22:27.436873" level="INFO">Creating an instance of the Chrome WebDriver.</msg>
<arg>Chrome</arg>
<arg>options=${chrome_options}</arg>
<arg>service=${service}</arg>
<doc>Creates an instance of Selenium WebDriver.</doc>
<status status="PASS" start="2025-03-11T03:22:27.436733" elapsed="1.058178"/>
</kw>
<kw name="Maximize Browser Window" owner="SeleniumLibrary">
<doc>Maximizes current browser window.</doc>
<status status="PASS" start="2025-03-11T03:22:28.495154" elapsed="0.044831"/>
</kw>
<kw name="Go To" owner="SeleniumLibrary">
<msg time="2025-03-11T03:22:28.541039" level="INFO">Opening url 'https://cs04sec267.cpkkuhost.com/'</msg>
<arg>${URL}</arg>
<doc>Navigates the current browser window to the provided ``url``.</doc>
<status status="PASS" start="2025-03-11T03:22:28.540566" elapsed="5.004124"/>
</kw>
<status status="PASS" start="2025-03-11T03:22:27.433916" elapsed="6.110918"/>
</kw>
<kw name="Maximize Browser Window" owner="SeleniumLibrary">
<doc>Maximizes current browser window.</doc>
<status status="PASS" start="2025-03-11T03:22:33.544998" elapsed="0.005292"/>
</kw>
<kw name="Location Should Be" owner="SeleniumLibrary">
<msg time="2025-03-11T03:22:33.561055" level="INFO">Current location is 'https://cs04sec267.cpkkuhost.com/'.</msg>
<arg>${URL}</arg>
<doc>Verifies that the current URL is exactly ``url``.</doc>
<status status="PASS" start="2025-03-11T03:22:33.550715" elapsed="0.010561"/>
</kw>
<kw name="Sleep" owner="BuiltIn">
<msg time="2025-03-11T03:22:34.562062" level="INFO">Slept 1 second.</msg>
<arg>1s</arg>
<doc>Pauses the test executed for the given time.</doc>
<status status="PASS" start="2025-03-11T03:22:33.561509" elapsed="1.000746"/>
</kw>
<kw name="Click Link" owner="SeleniumLibrary">
<msg time="2025-03-11T03:22:34.562844" level="INFO">Clicking link 'xpath=//a[contains(@class, 'btn-primary') and contains(., 'Login')]'.</msg>
<arg>xpath=//a[contains(@class, 'btn-primary') and contains(., 'Login')]</arg>
<doc>Clicks a link identified by ``locator``.</doc>
<status status="PASS" start="2025-03-11T03:22:34.562533" elapsed="1.043821"/>
</kw>
<kw name="Location Should Be" owner="SeleniumLibrary">
<msg time="2025-03-11T03:22:35.611452" level="INFO">Current location is 'https://cs04sec267.cpkkuhost.com/login'.</msg>
<arg>${LOGIN_URL}</arg>
<doc>Verifies that the current URL is exactly ``url``.</doc>
<status status="PASS" start="2025-03-11T03:22:35.606496" elapsed="0.005036"/>
</kw>
<kw name="Wait Until Page Contains" owner="SeleniumLibrary">
<arg>Account Login</arg>
<arg>${DELAY}</arg>
<doc>Waits until ``text`` appears on the current page.</doc>
<status status="PASS" start="2025-03-11T03:22:35.611660" elapsed="0.011638"/>
</kw>
<status status="PASS" start="2025-03-11T03:22:27.433679" elapsed="8.189741"/>
</kw>
<kw name="Login Staff" owner="resource_v3">
<kw name="Input Text" owner="SeleniumLibrary">
<msg time="2025-03-11T03:22:35.624159" level="INFO">Typing text 'thanlao@kku.ac.th' into text field 'id=username'.</msg>
<arg>id=username</arg>
<arg>${STAFF_USERNAME}</arg>
<doc>Types the given ``text`` into the text field identified by ``locator``.</doc>
<status status="PASS" start="2025-03-11T03:22:35.623910" elapsed="0.096393"/>
</kw>
<kw name="Input Text" owner="SeleniumLibrary">
<msg time="2025-03-11T03:22:35.721099" level="INFO">Typing text '123456789' into text field 'id=password'.</msg>
<arg>id=password</arg>
<arg>${STAFF_PASSWORD}</arg>
<doc>Types the given ``text`` into the text field identified by ``locator``.</doc>
<status status="PASS" start="2025-03-11T03:22:35.720815" elapsed="0.108509"/>
</kw>
<kw name="Click Button" owner="SeleniumLibrary">
<msg time="2025-03-11T03:22:35.829833" level="INFO">Clicking button 'xpath=//button[contains(text(),'Log In')]'.</msg>
<arg>xpath=//button[contains(text(),'Log In')]</arg>
<doc>Clicks the button identified by ``locator``.</doc>
<status status="PASS" start="2025-03-11T03:22:35.829557" elapsed="0.095627"/>
</kw>
<kw name="Wait Until Location Is" owner="SeleniumLibrary">
<arg>${DASHBOARD_URL}</arg>
<arg>${DELAY}</arg>
<doc>Waits until the current URL is ``expected``.</doc>
<status status="PASS" start="2025-03-11T03:22:35.925594" elapsed="2.749314"/>
</kw>
<kw name="Wait Until Page Contains" owner="SeleniumLibrary">
<arg>Dashboard</arg>
<arg>${DELAY}</arg>
<doc>Waits until ``text`` appears on the current page.</doc>
<status status="PASS" start="2025-03-11T03:22:38.675093" elapsed="0.015493"/>
</kw>
<status status="PASS" start="2025-03-11T03:22:35.623624" elapsed="3.067102"/>
</kw>
<kw name="Verify Staff Dashboard" owner="resource_v3">
<kw name="Page Should Contain" owner="SeleniumLibrary">
<msg time="2025-03-11T03:22:38.707854" level="INFO">Current page contains text 'Manage Highlights'.</msg>
<arg>Manage Highlights</arg>
<doc>Verifies that current page contains ``text``.</doc>
<status status="PASS" start="2025-03-11T03:22:38.691188" elapsed="0.016925"/>
</kw>
<status status="PASS" start="2025-03-11T03:22:38.690903" elapsed="0.017479"/>
</kw>
<kw name="Click Link" owner="SeleniumLibrary">
<msg time="2025-03-11T03:22:38.709094" level="INFO">Clicking link 'xpath=//a[@class='nav-link' and contains(span, 'Manage Highlights')]'.</msg>
<arg>xpath=//a[@class='nav-link' and contains(span, 'Manage Highlights')]</arg>
<doc>Clicks a link identified by ``locator``.</doc>
<status status="PASS" start="2025-03-11T03:22:38.708702" elapsed="0.951154"/>
</kw>
<kw name="Wait Until Location Is" owner="SeleniumLibrary">
<arg>${MANAGE_HIGHLIGHTS_URL}</arg>
<arg>${DELAY}</arg>
<doc>Waits until the current URL is ``expected``.</doc>
<status status="PASS" start="2025-03-11T03:22:39.660085" elapsed="0.006572"/>
</kw>
<kw name="Page Should Contain" owner="SeleniumLibrary">
<msg time="2025-03-11T03:22:39.679375" level="INFO">Current page contains text 'Manage Highlights'.</msg>
<arg>Manage Highlights</arg>
<doc>Verifies that current page contains ``text``.</doc>
<status status="PASS" start="2025-03-11T03:22:39.666978" elapsed="0.012493"/>
</kw>
<status status="PASS" start="2025-03-11T03:22:27.433368" elapsed="12.246204"/>
</kw>
<kw name="Location Should Be" owner="SeleniumLibrary">
<msg time="2025-03-11T03:22:39.687393" level="INFO">Current location is 'https://cs04sec267.cpkkuhost.com/highlights'.</msg>
<arg>${MANAGE_HIGHLIGHTS_URL}</arg>
<doc>Verifies that the current URL is exactly ``url``.</doc>
<status status="PASS" start="2025-03-11T03:22:39.680156" elapsed="0.007657"/>
</kw>
<kw name="Sleep" owner="BuiltIn">
<msg time="2025-03-11T03:22:42.690420" level="INFO">Slept 3 seconds.</msg>
<arg>3s</arg>
<doc>Pauses the test executed for the given time.</doc>
<status status="PASS" start="2025-03-11T03:22:39.689038" elapsed="3.001487"/>
</kw>
<kw name="Scroll Element Into View" owner="SeleniumLibrary">
<arg>xpath=//a[contains(@class, 'btn btn-primary mb-3') and contains(text(), '+ Create')]</arg>
<doc>Scrolls the element identified by ``locator`` into view.</doc>
<status status="PASS" start="2025-03-11T03:22:42.691929" elapsed="0.273863"/>
</kw>
<kw name="Click Link" owner="SeleniumLibrary">
<msg time="2025-03-11T03:22:42.966534" level="INFO">Clicking link 'xpath=//a[contains(text(), '+ Create')]'.</msg>
<arg>xpath=//a[contains(text(), '+ Create')]</arg>
<doc>Clicks a link identified by ``locator``.</doc>
<status status="PASS" start="2025-03-11T03:22:42.966310" elapsed="1.144382"/>
</kw>
<kw name="Wait Until Location Is" owner="SeleniumLibrary">
<arg>${CREATE_NEWS_URL}</arg>
<arg>${DELAY}</arg>
<doc>Waits until the current URL is ``expected``.</doc>
<status status="PASS" start="2025-03-11T03:22:44.111101" elapsed="0.005947"/>
</kw>
<kw name="Location Should Be" owner="SeleniumLibrary">
<msg time="2025-03-11T03:22:44.121943" level="INFO">Current location is 'https://cs04sec267.cpkkuhost.com/highlights/create'.</msg>
<arg>${CREATE_NEWS_URL}</arg>
<doc>Verifies that the current URL is exactly ``url``.</doc>
<status status="PASS" start="2025-03-11T03:22:44.117358" elapsed="0.004800"/>
</kw>
<kw name="Click Element" owner="SeleniumLibrary">
<msg time="2025-03-11T03:22:44.123159" level="INFO">Clicking element 'id=coverImageBox'.</msg>
<arg>id=coverImageBox</arg>
<doc>Click the element identified by ``locator``.</doc>
<status status="PASS" start="2025-03-11T03:22:44.122959" elapsed="0.071138"/>
</kw>
<kw name="Choose File" owner="SeleniumLibrary">
<msg time="2025-03-11T03:22:44.194825" level="INFO">Sending C:\work_2025\git-group-repository-group-4-sec-2\version3\test\Test-Data\1_3.jpeg to browser.</msg>
<arg>xpath=//input[@type='file']</arg>
<arg>C:/work_2025/git-group-repository-group-4-sec-2/version3/test/Test-Data/1_3.jpeg</arg>
<doc>Inputs the ``file_path`` into the file input field ``locator``.</doc>
<status status="PASS" start="2025-03-11T03:22:44.194554" elapsed="0.037748"/>
</kw>
<kw name="Input Text" owner="SeleniumLibrary">
<msg time="2025-03-11T03:22:44.233432" level="INFO">Typing text 'โครงการทุนวิจัยและโอกาสสนับสนุนสำหรับนักวิจัยรุ่นใหม่' into text field 'id=title'.</msg>
<arg>id=title</arg>
<arg>โครงการทุนวิจัยและโอกาสสนับสนุนสำหรับนักวิจัยรุ่นใหม่</arg>
<doc>Types the given ``text`` into the text field identified by ``locator``.</doc>
<status status="PASS" start="2025-03-11T03:22:44.233080" elapsed="0.198294"/>
</kw>
<kw name="Click Element" owner="SeleniumLibrary">
<msg time="2025-03-11T03:22:44.438088" level="INFO">Clicking element 'xpath=//span[contains(@class, 'select2-selection')]'.</msg>
<arg>xpath=//span[contains(@class, 'select2-selection')]</arg>
<doc>Click the element identified by ``locator``.</doc>
<status status="PASS" start="2025-03-11T03:22:44.437330" elapsed="0.108163"/>
</kw>
<kw name="Sleep" owner="BuiltIn">
<msg time="2025-03-11T03:22:45.546734" level="INFO">Slept 1 second.</msg>
<arg>1s</arg>
<doc>Pauses the test executed for the given time.</doc>
<status status="PASS" start="2025-03-11T03:22:44.546030" elapsed="1.000908"/>
</kw>
<kw name="Click Element" owner="SeleniumLibrary">
<msg time="2025-03-11T03:22:45.547832" level="INFO">Clicking element 'xpath=//li[contains(text(), 'ทุนวิจัยและโอกาสสนับสนุน')]'.</msg>
<arg>xpath=//li[contains(text(), 'ทุนวิจัยและโอกาสสนับสนุน')]</arg>
<doc>Click the element identified by ``locator``.</doc>
<status status="PASS" start="2025-03-11T03:22:45.547680" elapsed="0.060227"/>
</kw>
<kw name="Sleep" owner="BuiltIn">
<msg time="2025-03-11T03:22:46.609585" level="INFO">Slept 1 second.</msg>
<arg>1s</arg>
<doc>Pauses the test executed for the given time.</doc>
<status status="PASS" start="2025-03-11T03:22:45.608396" elapsed="1.001360"/>
</kw>
<kw name="Input Text" owner="SeleniumLibrary">
<msg time="2025-03-11T03:22:46.610659" level="INFO">Typing text 'https://www.google.com' into text field 'id=link'.</msg>
<arg>id=link</arg>
<arg>https://www.google.com</arg>
<doc>Types the given ``text`` into the text field identified by ``locator``.</doc>
<status status="PASS" start="2025-03-11T03:22:46.610261" elapsed="0.079175"/>
</kw>
<kw name="Scroll Element Into View" owner="SeleniumLibrary">
<arg>id=imageAlbumBox</arg>
<doc>Scrolls the element identified by ``locator`` into view.</doc>
<status status="PASS" start="2025-03-11T03:22:46.689984" elapsed="0.284945"/>
</kw>
<kw name="Click Element" owner="SeleniumLibrary">
<msg time="2025-03-11T03:22:46.975406" level="INFO">Clicking element 'id=imageAlbumBox'.</msg>
<arg>id=imageAlbumBox</arg>
<doc>Click the element identified by ``locator``.</doc>
<status status="PASS" start="2025-03-11T03:22:46.975236" elapsed="0.048752"/>
</kw>
<kw name="Choose File" owner="SeleniumLibrary">
<msg time="2025-03-11T03:22:47.025136" level="INFO">Sending C:\work_2025\git-group-repository-group-4-sec-2\version3\test\Test-Data\1_3.jpeg
C:\work_2025\git-group-repository-group-4-sec-2\version3\test\Test-Data\1_2.jpeg to browser.</msg>
<arg>id=image_album</arg>
<arg>C:/work_2025/git-group-repository-group-4-sec-2/version3/test/Test-Data/1_3.jpeg\nC:/work_2025/git-group-repository-group-4-sec-2/version3/test/Test-Data/1_2.jpeg</arg>
<doc>Inputs the ``file_path`` into the file input field ``locator``.</doc>
<status status="PASS" start="2025-03-11T03:22:47.024563" elapsed="0.032901"/>
</kw>
<kw name="Scroll Element Into View" owner="SeleniumLibrary">
<arg>xpath=//button[@type='submit' and contains(text(),'Save')]</arg>
<doc>Scrolls the element identified by ``locator`` into view.</doc>
<status status="PASS" start="2025-03-11T03:22:47.058230" elapsed="0.395176"/>
</kw>
<kw name="Wait Until Element Is Visible" owner="SeleniumLibrary">
<arg>xpath=//button[@type='submit' and contains(text(),'Save')]</arg>
<doc>Waits until the element ``locator`` is visible.</doc>
<status status="PASS" start="2025-03-11T03:22:47.453824" elapsed="0.014867"/>
</kw>
<kw name="Execute Javascript" owner="SeleniumLibrary">
<msg time="2025-03-11T03:22:47.469762" level="INFO">Executing JavaScript:
document.querySelector("button.btn.btn-dark").click();
Without any arguments.</msg>
<arg>document.querySelector("button.btn.btn-dark").click();</arg>
<doc>Executes the given JavaScript code with possible arguments.</doc>
<status status="PASS" start="2025-03-11T03:22:47.469340" elapsed="0.019010"/>
</kw>
<kw name="Element Should Contain" owner="SeleniumLibrary">
<msg time="2025-03-11T03:22:47.511426" level="INFO">Element 'xpath=//h2[@id='swal2-title']' contains text 'กรุณากรอกคำอธิบาย!'.</msg>
<arg>xpath=//h2[@id='swal2-title']</arg>
<arg>กรุณากรอกคำอธิบาย!</arg>
<doc>Verifies that element ``locator`` contains text ``expected``.</doc>
<status status="PASS" start="2025-03-11T03:22:47.488738" elapsed="0.022794"/>
</kw>
<kw name="Click Element" owner="SeleniumLibrary">
<msg time="2025-03-11T03:22:47.512136" level="INFO">Clicking element 'xpath=//button[contains(@class, 'swal2-confirm') and contains(text(),'ตกลง')]'.</msg>
<arg>xpath=//button[contains(@class, 'swal2-confirm') and contains(text(),'ตกลง')]</arg>
<doc>Click the element identified by ``locator``.</doc>
<status status="PASS" start="2025-03-11T03:22:47.511962" elapsed="0.074856"/>
</kw>
<kw name="Location Should Be" owner="SeleniumLibrary">
<msg time="2025-03-11T03:22:47.591392" level="INFO">Current location is 'https://cs04sec267.cpkkuhost.com/highlights/create'.</msg>
<arg>${CREATE_NEWS_URL}</arg>
<doc>Verifies that the current URL is exactly ``url``.</doc>
<status status="PASS" start="2025-03-11T03:22:47.587193" elapsed="0.004371"/>
</kw>
<kw name="Close Browser" owner="SeleniumLibrary">
<doc>Closes the current browser.</doc>
<status status="PASS" start="2025-03-11T03:22:47.592064" elapsed="2.441864"/>
</kw>
<doc>ทดสอบการสร้างข่าวใหม่ไม่สำเร็จ เนื่องจากไม่ใส่ Description</doc>
<tag>UAT-V1-03</tag>
<status status="PASS" start="2025-03-11T03:22:27.429296" elapsed="22.605506"/>
</test>
<status status="PASS" start="2025-03-11T03:21:05.753295" elapsed="104.283253"/>
</suite>
<statistics>
<total>
<stat pass="5" fail="0" skip="0">All Tests</stat>
</total>
<tag>
<stat pass="4" fail="0" skip="0">UAT-V1-03</stat>
</tag>
<suite>
<stat name="Unsuccess CreateHighlight" id="s1" pass="5" fail="0" skip="0">Unsuccess CreateHighlight</stat>
</suite>
</statistics>
<errors>
</errors>
</robot>
