<?xml version="1.0" encoding="UTF-8"?>
<robot generator="Robot 7.1.1 (Python 3.13.1 on win32)" generated="2025-02-12T08:35:31.249232" rpa="false" schemaversion="5">
<suite id="s1" name="Test V1 All2" source="C:\work_2025\git-group-repository-group-4-sec-2\test_v1\UAT\test_v1_all2.robot">
<test id="s1-t1" name="Test Login Role Staff Unsuccess" line="9">
<kw name="Go To Login Page" owner="resource_v1">
<kw name="Open Browser" owner="SeleniumLibrary">
<msg time="2025-02-12T08:35:31.677331" level="INFO">Opening browser 'chrome' to base url 'http://localhost/'.</msg>
<arg>${URL}</arg>
<arg>${BROWSER}</arg>
<doc>Opens a new browser instance to the optional ``url``.</doc>
<status status="PASS" start="2025-02-12T08:35:31.677086" elapsed="8.865399"/>
</kw>
<kw name="Maximize Browser Window" owner="SeleniumLibrary">
<doc>Maximizes current browser window.</doc>
<status status="PASS" start="2025-02-12T08:35:40.542781" elapsed="0.092299"/>
</kw>
<kw name="Location Should Be" owner="SeleniumLibrary">
<msg time="2025-02-12T08:35:40.647833" level="INFO">Current location is 'http://localhost/'.</msg>
<arg>${URL}</arg>
<doc>Verifies that the current URL is exactly ``url``.</doc>
<status status="PASS" start="2025-02-12T08:35:40.635360" elapsed="0.012614"/>
</kw>
<kw name="Click Link" owner="SeleniumLibrary">
<msg time="2025-02-12T08:35:40.648967" level="INFO">Clicking link 'xpath=//a[contains(@class, 'btn-primary') and contains(., 'Login')]'.</msg>
<arg>xpath=//a[contains(@class, 'btn-primary') and contains(., 'Login')]</arg>
<doc>Clicks a link identified by ``locator``.</doc>
<status status="PASS" start="2025-02-12T08:35:40.648314" elapsed="2.653914"/>
</kw>
<kw name="Location Should Be" owner="SeleniumLibrary">
<msg time="2025-02-12T08:35:43.333207" level="INFO">Current location is 'http://localhost/login'.</msg>
<arg>${LOGIN_URL}</arg>
<doc>Verifies that the current URL is exactly ``url``.</doc>
<status status="PASS" start="2025-02-12T08:35:43.302538" elapsed="0.030823"/>
</kw>
<kw name="Wait Until Page Contains" owner="SeleniumLibrary">
<arg>Account Login</arg>
<arg>${DELAY}</arg>
<doc>Waits until ``text`` appears on the current page.</doc>
<status status="PASS" start="2025-02-12T08:35:43.333608" elapsed="0.018071"/>
</kw>
<status status="PASS" start="2025-02-12T08:35:31.676434" elapsed="11.675449"/>
</kw>
<kw name="Input Text" owner="SeleniumLibrary">
<msg time="2025-02-12T08:35:43.352912" level="INFO">Typing text 'admin@gmail.com' into text field 'id=username'.</msg>
<arg>id=username</arg>
<arg>${ADMIN_USERNAME}</arg>
<doc>Types the given ``text`` into the text field identified by ``locator``.</doc>
<status status="PASS" start="2025-02-12T08:35:43.352438" elapsed="0.227025"/>
</kw>
<kw name="Input Text" owner="SeleniumLibrary">
<msg time="2025-02-12T08:35:43.580224" level="INFO">Typing text '111111111' into text field 'id=password'.</msg>
<arg>id=password</arg>
<arg>${INVALID_PASSWORD}</arg>
<doc>Types the given ``text`` into the text field identified by ``locator``.</doc>
<status status="PASS" start="2025-02-12T08:35:43.579865" elapsed="0.152299"/>
</kw>
<kw name="Click Button" owner="SeleniumLibrary">
<msg time="2025-02-12T08:35:43.732905" level="INFO">Clicking button 'xpath=//button[contains(text(),'Log In')]'.</msg>
<arg>xpath=//button[contains(text(),'Log In')]</arg>
<doc>Clicks the button identified by ``locator``.</doc>
<status status="PASS" start="2025-02-12T08:35:43.732632" elapsed="2.787260"/>
</kw>
<kw name="Location Should Be" owner="SeleniumLibrary">
<msg time="2025-02-12T08:35:46.533101" level="INFO">Current location is 'http://localhost/login'.</msg>
<arg>${LOGIN_URL}</arg>
<doc>Verifies that the current URL is exactly ``url``.</doc>
<status status="PASS" start="2025-02-12T08:35:46.520345" elapsed="0.012990"/>
</kw>
<kw name="Wait Until Element Is Visible" owner="SeleniumLibrary">
<arg>xpath=//div[contains(@class, 'alert-danger')]</arg>
<arg>${DELAY}</arg>
<doc>Waits until the element ``locator`` is visible.</doc>
<status status="PASS" start="2025-02-12T08:35:46.534039" elapsed="0.032553"/>
</kw>
<kw name="Element Text Should Be" owner="SeleniumLibrary">
<msg time="2025-02-12T08:35:46.567519" level="INFO">Verifying element 'xpath=//div[contains(@class, 'alert-danger')]' contains exact text 'Login Failed: Your user ID or password is incorrect'.</msg>
<arg>xpath=//div[contains(@class, 'alert-danger')]</arg>
<arg>${error_message}</arg>
<doc>Verifies that element ``locator`` contains exact the text ``expected``.</doc>
<status status="PASS" start="2025-02-12T08:35:46.567072" elapsed="0.028519"/>
</kw>
<kw name="Close Browser" owner="SeleniumLibrary">
<doc>Closes the current browser.</doc>
<status status="PASS" start="2025-02-12T08:35:46.596350" elapsed="2.301732"/>
</kw>
<doc>ทดสอบการ Login ของ Staff ไม่สำเร็จ</doc>
<tag>UAT-V1-02</tag>
<status status="PASS" start="2025-02-12T08:35:31.675127" elapsed="17.223699"/>
</test>
<test id="s1-t2" name="Test Login Role Admin Unsuccess" line="24">
<kw name="Go To Login Page" owner="resource_v1">
<kw name="Open Browser" owner="SeleniumLibrary">
<msg time="2025-02-12T08:35:48.902889" level="INFO">Opening browser 'chrome' to base url 'http://localhost/'.</msg>
<arg>${URL}</arg>
<arg>${BROWSER}</arg>
<doc>Opens a new browser instance to the optional ``url``.</doc>
<status status="PASS" start="2025-02-12T08:35:48.902551" elapsed="5.373150"/>
</kw>
<kw name="Maximize Browser Window" owner="SeleniumLibrary">
<doc>Maximizes current browser window.</doc>
<status status="PASS" start="2025-02-12T08:35:54.275865" elapsed="0.072451"/>
</kw>
<kw name="Location Should Be" owner="SeleniumLibrary">
<msg time="2025-02-12T08:35:54.357052" level="INFO">Current location is 'http://localhost/'.</msg>
<arg>${URL}</arg>
<doc>Verifies that the current URL is exactly ``url``.</doc>
<status status="PASS" start="2025-02-12T08:35:54.348527" elapsed="0.008892"/>
</kw>
<kw name="Click Link" owner="SeleniumLibrary">
<msg time="2025-02-12T08:35:54.358235" level="INFO">Clicking link 'xpath=//a[contains(@class, 'btn-primary') and contains(., 'Login')]'.</msg>
<arg>xpath=//a[contains(@class, 'btn-primary') and contains(., 'Login')]</arg>
<doc>Clicks a link identified by ``locator``.</doc>
<status status="PASS" start="2025-02-12T08:35:54.357836" elapsed="2.003515"/>
</kw>
<kw name="Location Should Be" owner="SeleniumLibrary">
<msg time="2025-02-12T08:35:56.391666" level="INFO">Current location is 'http://localhost/login'.</msg>
<arg>${LOGIN_URL}</arg>
<doc>Verifies that the current URL is exactly ``url``.</doc>
<status status="PASS" start="2025-02-12T08:35:56.361681" elapsed="0.030170"/>
</kw>
<kw name="Wait Until Page Contains" owner="SeleniumLibrary">
<arg>Account Login</arg>
<arg>${DELAY}</arg>
<doc>Waits until ``text`` appears on the current page.</doc>
<status status="PASS" start="2025-02-12T08:35:56.392072" elapsed="0.020102"/>
</kw>
<status status="PASS" start="2025-02-12T08:35:48.902113" elapsed="7.510308"/>
</kw>
<kw name="Input Text" owner="SeleniumLibrary">
<msg time="2025-02-12T08:35:56.413410" level="INFO">Typing text 'admin@gmail.com' into text field 'id=username'.</msg>
<arg>id=username</arg>
<arg>${ADMIN_USERNAME}</arg>
<doc>Types the given ``text`` into the text field identified by ``locator``.</doc>
<status status="PASS" start="2025-02-12T08:35:56.413089" elapsed="0.140772"/>
</kw>
<kw name="Input Text" owner="SeleniumLibrary">
<msg time="2025-02-12T08:35:56.554735" level="INFO">Typing text '111111111' into text field 'id=password'.</msg>
<arg>id=password</arg>
<arg>${INVALID_PASSWORD}</arg>
<doc>Types the given ``text`` into the text field identified by ``locator``.</doc>
<status status="PASS" start="2025-02-12T08:35:56.554407" elapsed="0.121680"/>
</kw>
<kw name="Click Button" owner="SeleniumLibrary">
<msg time="2025-02-12T08:35:56.676826" level="INFO">Clicking button 'xpath=//button[contains(text(),'Log In')]'.</msg>
<arg>xpath=//button[contains(text(),'Log In')]</arg>
<doc>Clicks the button identified by ``locator``.</doc>
<status status="PASS" start="2025-02-12T08:35:56.676490" elapsed="6.973577"/>
</kw>
<kw name="Location Should Be" owner="SeleniumLibrary">
<msg time="2025-02-12T08:36:03.671557" level="INFO">Current location is 'http://localhost/login'.</msg>
<arg>${LOGIN_URL}</arg>
<doc>Verifies that the current URL is exactly ``url``.</doc>
<status status="PASS" start="2025-02-12T08:36:03.651113" elapsed="0.020658"/>
</kw>
<kw name="Wait Until Element Is Visible" owner="SeleniumLibrary">
<arg>xpath=//div[contains(@class, 'alert-danger')]</arg>
<arg>${DELAY}</arg>
<doc>Waits until the element ``locator`` is visible.</doc>
<status status="PASS" start="2025-02-12T08:36:03.672567" elapsed="0.047105"/>
</kw>
<kw name="Element Text Should Be" owner="SeleniumLibrary">
<msg time="2025-02-12T08:36:03.721238" level="INFO">Verifying element 'xpath=//div[contains(@class, 'alert-danger')]' contains exact text 'Login Failed: Your user ID or password is incorrect'.</msg>
<arg>xpath=//div[contains(@class, 'alert-danger')]</arg>
<arg>${error_message}</arg>
<doc>Verifies that element ``locator`` contains exact the text ``expected``.</doc>
<status status="PASS" start="2025-02-12T08:36:03.720670" elapsed="0.046368"/>
</kw>
<kw name="Close Browser" owner="SeleniumLibrary">
<doc>Closes the current browser.</doc>
<status status="PASS" start="2025-02-12T08:36:03.768126" elapsed="2.296359"/>
</kw>
<doc>ทดสอบการ Login ของ Admin ไม่สำเร็จ</doc>
<tag>UAT-V1-02</tag>
<status status="PASS" start="2025-02-12T08:35:48.900489" elapsed="17.164583"/>
</test>
<test id="s1-t3" name="Test Login Role Researcher Unsuccess" line="37">
<kw name="Go To Login Page" owner="resource_v1">
<kw name="Open Browser" owner="SeleniumLibrary">
<msg time="2025-02-12T08:36:06.069443" level="INFO">Opening browser 'chrome' to base url 'http://localhost/'.</msg>
<arg>${URL}</arg>
<arg>${BROWSER}</arg>
<doc>Opens a new browser instance to the optional ``url``.</doc>
<status status="PASS" start="2025-02-12T08:36:06.069027" elapsed="7.406613"/>
</kw>
<kw name="Maximize Browser Window" owner="SeleniumLibrary">
<doc>Maximizes current browser window.</doc>
<status status="PASS" start="2025-02-12T08:36:13.475892" elapsed="0.075936"/>
</kw>
<kw name="Location Should Be" owner="SeleniumLibrary">
<msg time="2025-02-12T08:36:13.567876" level="INFO">Current location is 'http://localhost/'.</msg>
<arg>${URL}</arg>
<doc>Verifies that the current URL is exactly ``url``.</doc>
<status status="PASS" start="2025-02-12T08:36:13.552273" elapsed="0.015711"/>
</kw>
<kw name="Click Link" owner="SeleniumLibrary">
<msg time="2025-02-12T08:36:13.568391" level="INFO">Clicking link 'xpath=//a[contains(@class, 'btn-primary') and contains(., 'Login')]'.</msg>
<arg>xpath=//a[contains(@class, 'btn-primary') and contains(., 'Login')]</arg>
<doc>Clicks a link identified by ``locator``.</doc>
<status status="PASS" start="2025-02-12T08:36:13.568194" elapsed="3.216333"/>
</kw>
<kw name="Location Should Be" owner="SeleniumLibrary">
<msg time="2025-02-12T08:36:16.792219" level="INFO">Current location is 'http://localhost/login'.</msg>
<arg>${LOGIN_URL}</arg>
<doc>Verifies that the current URL is exactly ``url``.</doc>
<status status="PASS" start="2025-02-12T08:36:16.784790" elapsed="0.007848"/>
</kw>
<kw name="Wait Until Page Contains" owner="SeleniumLibrary">
<arg>Account Login</arg>
<arg>${DELAY}</arg>
<doc>Waits until ``text`` appears on the current page.</doc>
<status status="PASS" start="2025-02-12T08:36:16.793134" elapsed="0.022531"/>
</kw>
<status status="PASS" start="2025-02-12T08:36:06.068496" elapsed="10.747348"/>
</kw>
<kw name="Input Text" owner="SeleniumLibrary">
<msg time="2025-02-12T08:36:16.816709" level="INFO">Typing text 'thanaphon@kku.ac.th' into text field 'id=username'.</msg>
<arg>id=username</arg>
<arg>${RESEARCHER_USERNAME}</arg>
<doc>Types the given ``text`` into the text field identified by ``locator``.</doc>
<status status="PASS" start="2025-02-12T08:36:16.816327" elapsed="0.204115"/>
</kw>
<kw name="Input Text" owner="SeleniumLibrary">
<msg time="2025-02-12T08:36:17.021193" level="INFO">Typing text '111111111' into text field 'id=password'.</msg>
<arg>id=password</arg>
<arg>${INVALID_PASSWORD}</arg>
<doc>Types the given ``text`` into the text field identified by ``locator``.</doc>
<status status="PASS" start="2025-02-12T08:36:17.020854" elapsed="0.138645"/>
</kw>
<kw name="Click Button" owner="SeleniumLibrary">
<msg time="2025-02-12T08:36:17.160402" level="INFO">Clicking button 'xpath=//button[contains(text(),'Log In')]'.</msg>
<arg>xpath=//button[contains(text(),'Log In')]</arg>
<doc>Clicks the button identified by ``locator``.</doc>
<status status="PASS" start="2025-02-12T08:36:17.160076" elapsed="9.842700"/>
</kw>
<kw name="Location Should Be" owner="SeleniumLibrary">
<msg time="2025-02-12T08:36:27.026834" level="INFO">Current location is 'http://localhost/login'.</msg>
<arg>${LOGIN_URL}</arg>
<doc>Verifies that the current URL is exactly ``url``.</doc>
<status status="PASS" start="2025-02-12T08:36:27.003425" elapsed="0.023797"/>
</kw>
<kw name="Wait Until Element Is Visible" owner="SeleniumLibrary">
<arg>xpath=//div[contains(@class, 'alert-danger')]</arg>
<arg>${DELAY}</arg>
<doc>Waits until the element ``locator`` is visible.</doc>
<status status="PASS" start="2025-02-12T08:36:27.028728" elapsed="0.056160"/>
</kw>
<kw name="Element Text Should Be" owner="SeleniumLibrary">
<msg time="2025-02-12T08:36:27.086215" level="INFO">Verifying element 'xpath=//div[contains(@class, 'alert-danger')]' contains exact text 'Login Failed: Your user ID or password is incorrect'.</msg>
<arg>xpath=//div[contains(@class, 'alert-danger')]</arg>
<arg>${error_message}</arg>
<doc>Verifies that element ``locator`` contains exact the text ``expected``.</doc>
<status status="PASS" start="2025-02-12T08:36:27.085654" elapsed="0.043811"/>
</kw>
<kw name="Close Browser" owner="SeleniumLibrary">
<doc>Closes the current browser.</doc>
<status status="PASS" start="2025-02-12T08:36:27.130369" elapsed="2.373564"/>
</kw>
<doc>ทดสอบการ Login ของ Researcher ไม่สำเร็จ</doc>
<tag>UAT-V1-02</tag>
<status status="PASS" start="2025-02-12T08:36:06.066834" elapsed="23.438101"/>
</test>
<status status="PASS" start="2025-02-12T08:35:31.250942" elapsed="58.256905"/>
</suite>
<statistics>
<total>
<stat pass="3" fail="0" skip="0">All Tests</stat>
</total>
<tag>
<stat pass="3" fail="0" skip="0">UAT-V1-02</stat>
</tag>
<suite>
<stat pass="3" fail="0" skip="0" id="s1" name="Test V1 All2">Test V1 All2</stat>
</suite>
</statistics>
<errors>
</errors>
</robot>
